This file contains any messages produced by compilers while
running configure, to aid debugging if configure makes a mistake.

It was created by code configure 1.0, which was
generated by GNU Autoconf 2.71.  Invocation command line was

  $ ./configure

## --------- ##
## Platform. ##
## --------- ##

hostname = mac.local
uname -m = x86_64
uname -r = 17.7.0
uname -s = Darwin
uname -v = Darwin Kernel Version 17.7.0: Fri Oct 30 13:34:27 PDT 2020; root:xnu-4570.71.82.8~1/RELEASE_X86_64

/usr/bin/uname -p = i386
/bin/uname -X     = unknown

/bin/arch              = unknown
/usr/bin/arch -k       = unknown
/usr/convex/getsysinfo = unknown
/usr/bin/hostinfo      = Mach kernel version:
	 Darwin Kernel Version 17.7.0: Fri Oct 30 13:34:27 PDT 2020; root:xnu-4570.71.82.8~1/RELEASE_X86_64
Kernel configured for up to 4 processors.
2 processors are physically available.
4 processors are logically available.
Processor type: i486 (Intel 80486)
Processors active: 0 1 2 3
Primary memory available: 8.00 gigabytes
Default processor set: 324 tasks, 1262 threads, 4 processors
Load average: 1.99, Mach factor: 2.00
/bin/machine           = unknown
/usr/bin/oslevel       = unknown
/bin/universe          = unknown

PATH: /Applications/CMake.app/Contents/bin/
PATH: /usr/local/bin/python3/
PATH: /opt/local/libexec/llvm-15/bin/
PATH: /usr/local/opt/libiconv/bin/
PATH: /usr/local/opt/ruby/bin/
PATH: /usr/local/include/
PATH: /opt/local/
PATH: /usr/local/opt/openssl@1.1/bin/
PATH: /Applications/CMake.app/Contents/bin/
PATH: /usr/local/bin/python3/
PATH: /opt/local/libexec/llvm-15/bin/
PATH: /usr/local/opt/libiconv/bin/
PATH: /usr/local/opt/ruby/bin/
PATH: /usr/local/include/
PATH: /opt/local/
PATH: /usr/local/opt/openssl@1.1/bin/
PATH: /Users/alex/bin/
PATH: /usr/local/bin/
PATH: /opt/local/
PATH: /Applications/CMake.app/Contents/bin/
PATH: /usr/local/bin/python3/
PATH: /opt/local/libexec/llvm-15/bin/
PATH: /usr/local/opt/libiconv/bin/
PATH: /usr/local/opt/ruby/bin/
PATH: /usr/local/include/
PATH: /opt/local/
PATH: /usr/local/opt/openssl@1.1/bin/
PATH: /usr/local/bin/
PATH: /usr/bin/
PATH: /bin/
PATH: /usr/sbin/
PATH: /sbin/
PATH: /usr/local/opt/
PATH: /usr/local/opt/fzf/bin/
PATH: /opt/local/
PATH: /opt/local/libexec/llvm-15/bin/
PATH: /usr/local/include/
PATH: /Users/alex/tech/root/include/openssl/
PATH: /usr/local/Cellar/libwebsockets/include/
PATH: /opt/local/include/
PATH: /usr/local/Cellar/libxlsxwriter/1.1.4/include/
PATH: /usr/local/include/
PATH: ~/bin/
PATH: /usr/local/opt/openssl/bin/
PATH: /usr/local/opt/llvm-15/bin/
PATH: /opt/local/bin/
PATH: /opt/local/sbin/
PATH: /usr/local/sbin/
PATH: /usr/local/opt/sbin/
PATH: /usr/local/opt/curl/bin/
PATH: /usr/local/Cellar/gcc/12.1.0_2/
PATH: /usr/local/Cellar/gsl/2.6/include/gsl/
PATH: /usr/local/Cellar/glib/2.66.7/include/glib-2.0/
PATH: /usr/local/Cellar/libxlsxwriter/1.1.4/include/
PATH: /usr/local/include/
PATH: ~/bin/
PATH: /usr/local/opt/openssl/bin/
PATH: /usr/local/opt/llvm-15/bin/
PATH: /opt/local/bin/
PATH: /opt/local/sbin/
PATH: /usr/local/sbin/
PATH: /usr/local/opt/sbin/
PATH: /usr/local/opt/curl/bin/
PATH: /usr/local/Cellar/gcc/12.1.0_2/
PATH: /usr/local/Cellar/gsl/2.6/include/gsl/
PATH: /usr/local/Cellar/glib/2.66.7/include/glib-2.0/
PATH: /usr/local/Cellar/libxlsxwriter/1.1.4/include/
PATH: /Users/alex/.cargo/bin/
PATH: /usr/local/Cellar/gtk+3/3.24.34/lib/
PATH: /usr/local/Cellar/gtk+3/3.24.34/include/
PATH: /Users/alex/tech/root/include/openssl/
PATH: ~/bin/
PATH: /usr/local/opt/openssl/bin/
PATH: /usr/local/opt/llvm/bin/
PATH: /opt/local/bin/
PATH: /opt/local/sbin/
PATH: /usr/local/sbin/
PATH: /usr/local/opt/sbin/
PATH: /usr/local/Cellar/gsl/2.6/include/gsl/
PATH: /usr/local/Cellar/glib/2.66.7/include/glib-2.0/
PATH: /usr/local/Cellar/cmockery/
PATH: /usr/local/Cellar/cmockery/0.1.2/include/google/
PATH: /Users/alex/tech/lib/
PATH: /usr/local/Cellar/libxlsxwriter/1.1.4/include/
PATH: /opt/local/
PATH: /opt/local/
PATH: /opt/local/libexec/llvm-15/bin/
PATH: /usr/local/include/
PATH: /Users/alex/tech/root/include/openssl/
PATH: /usr/local/Cellar/libwebsockets/include/
PATH: /opt/local/include/
PATH: /usr/local/Cellar/libxlsxwriter/1.1.4/include/
PATH: /usr/local/include/
PATH: ~/bin/
PATH: /usr/local/opt/openssl/bin/
PATH: /usr/local/opt/llvm-15/bin/
PATH: /opt/local/bin/
PATH: /opt/local/sbin/
PATH: /usr/local/sbin/
PATH: /usr/local/opt/sbin/
PATH: /usr/local/opt/curl/bin/
PATH: /usr/local/Cellar/gcc/12.1.0_2/
PATH: /usr/local/Cellar/gsl/2.6/include/gsl/
PATH: /usr/local/Cellar/glib/2.66.7/include/glib-2.0/
PATH: /usr/local/Cellar/libxlsxwriter/1.1.4/include/
PATH: /usr/local/include/
PATH: ~/bin/
PATH: /usr/local/opt/openssl/bin/
PATH: /usr/local/opt/llvm-15/bin/
PATH: /opt/local/bin/
PATH: /opt/local/sbin/
PATH: /usr/local/sbin/
PATH: /usr/local/opt/sbin/
PATH: /usr/local/opt/curl/bin/
PATH: /usr/local/Cellar/gcc/12.1.0_2/
PATH: /usr/local/Cellar/gsl/2.6/include/gsl/
PATH: /usr/local/Cellar/glib/2.66.7/include/glib-2.0/
PATH: /usr/local/Cellar/libxlsxwriter/1.1.4/include/
PATH: /Users/alex/.cargo/bin/
PATH: /usr/local/Cellar/gtk+3/3.24.34/lib/
PATH: /usr/local/Cellar/gtk+3/3.24.34/include/
PATH: /Users/alex/tech/root/include/openssl/
PATH: ~/bin/
PATH: /usr/local/opt/openssl/bin/
PATH: /usr/local/opt/llvm/bin/
PATH: /opt/local/bin/
PATH: /opt/local/sbin/
PATH: /usr/local/sbin/
PATH: /usr/local/opt/sbin/
PATH: /usr/local/Cellar/gsl/2.6/include/gsl/
PATH: /usr/local/Cellar/glib/2.66.7/include/glib-2.0/
PATH: /usr/local/Cellar/cmockery/
PATH: /usr/local/Cellar/cmockery/0.1.2/include/google/
PATH: /Users/alex/tech/lib/
PATH: /usr/local/Cellar/libxlsxwriter/1.1.4/include/
PATH: /opt/local/
PATH: /opt/local/
PATH: /opt/local/libexec/llvm-15/bin/
PATH: /usr/local/include/
PATH: /Users/alex/tech/root/include/openssl/
PATH: /usr/local/Cellar/libwebsockets/include/
PATH: /opt/local/include/
PATH: /usr/local/Cellar/libxlsxwriter/1.1.4/include/
PATH: /usr/local/include/
PATH: ~/bin/
PATH: /usr/local/opt/openssl/bin/
PATH: /usr/local/opt/llvm-15/bin/
PATH: /opt/local/bin/
PATH: /opt/local/sbin/
PATH: /usr/local/sbin/
PATH: /usr/local/opt/sbin/
PATH: /usr/local/opt/curl/bin/
PATH: /usr/local/Cellar/gcc/12.1.0_2/
PATH: /usr/local/Cellar/gsl/2.6/include/gsl/
PATH: /usr/local/Cellar/glib/2.66.7/include/glib-2.0/
PATH: /usr/local/Cellar/libxlsxwriter/1.1.4/include/
PATH: /usr/local/include/
PATH: ~/bin/
PATH: /usr/local/opt/openssl/bin/
PATH: /usr/local/opt/llvm-15/bin/
PATH: /opt/local/bin/
PATH: /opt/local/sbin/
PATH: /usr/local/sbin/
PATH: /usr/local/opt/sbin/
PATH: /usr/local/opt/curl/bin/
PATH: /usr/local/Cellar/gcc/12.1.0_2/
PATH: /usr/local/Cellar/gsl/2.6/include/gsl/
PATH: /usr/local/Cellar/glib/2.66.7/include/glib-2.0/
PATH: /usr/local/Cellar/libxlsxwriter/1.1.4/include/
PATH: /Users/alex/.cargo/bin/
PATH: /usr/local/Cellar/gtk+3/3.24.34/lib/
PATH: /usr/local/Cellar/gtk+3/3.24.34/include/
PATH: /Users/alex/tech/root/include/openssl/
PATH: ~/bin/
PATH: /usr/local/opt/openssl/bin/
PATH: /usr/local/opt/llvm/bin/
PATH: /opt/local/bin/
PATH: /opt/local/sbin/
PATH: /usr/local/sbin/
PATH: /usr/local/opt/sbin/
PATH: /usr/local/Cellar/gsl/2.6/include/gsl/
PATH: /usr/local/Cellar/glib/2.66.7/include/glib-2.0/
PATH: /usr/local/Cellar/cmockery/
PATH: /usr/local/Cellar/cmockery/0.1.2/include/google/
PATH: /Users/alex/tech/lib/
PATH: /usr/local/Cellar/libxlsxwriter/1.1.4/include/
PATH: /opt/local/


## ----------- ##
## Core tests. ##
## ----------- ##

configure:2352: looking for aux files: missing install-sh compile config.guess config.sub ltmain.sh
configure:2365:  trying ./
configure:2394:   ./missing found
configure:2376:   ./install-sh found
configure:2394:   ./compile found
configure:2394:   ./config.guess found
configure:2394:   ./config.sub found
configure:2394:   ./ltmain.sh found
configure:2539: checking build system type
configure:2554: result: x86_64-apple-darwin17.7.0
configure:2574: checking host system type
configure:2588: result: x86_64-apple-darwin17.7.0
configure:2629: checking how to print strings
configure:2656: result: printf
configure:2742: checking for gcc
configure:2774: result: /opt/local/libexec/llvm-15/bin/clang
configure:3127: checking for C compiler version
configure:3136: /opt/local/libexec/llvm-15/bin/clang --version >&5
clang version 15.0.4
Target: x86_64-apple-darwin17.7.0
Thread model: posix
InstalledDir: /opt/local/libexec/llvm-15/bin
configure:3147: $? = 0
configure:3136: /opt/local/libexec/llvm-15/bin/clang -v >&5
clang version 15.0.4
Target: x86_64-apple-darwin17.7.0
Thread model: posix
InstalledDir: /opt/local/libexec/llvm-15/bin
configure:3147: $? = 0
configure:3136: /opt/local/libexec/llvm-15/bin/clang -V >&5
clang: error: argument to '-V' is missing (expected 1 value)
clang: error: no input files
configure:3147: $? = 1
configure:3136: /opt/local/libexec/llvm-15/bin/clang -qversion >&5
clang: error: unknown argument '-qversion'; did you mean '--version'?
clang: error: no input files
configure:3147: $? = 1
configure:3136: /opt/local/libexec/llvm-15/bin/clang -version >&5
clang: error: unknown argument '-version'; did you mean '--version'?
clang: error: no input files
configure:3147: $? = 1
configure:3167: checking whether the C compiler works
configure:3189: /opt/local/libexec/llvm-15/bin/clang -I/Users/alex/tech/root/include/openssl -I/usr/local/opt/llvm/include -I/Users/alex/tech/include/ -I/Users/alex/tech/root/include/openssl -I/usr/local/opt/binutils/include -I/usr/local/opt/curl/include -I/Users/alex/tech/lib -I/opt/local/include -I/usr/local/Cellar/libxlsxwriter/1.1.4/include -I/usr/local/Cellar/wxwidgets/3.2.1/include/wx-3.2 -I/opt/local -I/opt/local/include -I/opt/local -I/opt/local/libexec/llvm-15/include -L/opt/local/libexec/llvm-15/lib -L/opt/local/lib conftest.c  >&5
configure:3193: $? = 0
configure:3243: result: yes
configure:3246: checking for C compiler default output file name
configure:3248: result: a.out
configure:3254: checking for suffix of executables
configure:3261: /opt/local/libexec/llvm-15/bin/clang -o conftest -I/Users/alex/tech/root/include/openssl -I/usr/local/opt/llvm/include -I/Users/alex/tech/include/ -I/Users/alex/tech/root/include/openssl -I/usr/local/opt/binutils/include -I/usr/local/opt/curl/include -I/Users/alex/tech/lib -I/opt/local/include -I/usr/local/Cellar/libxlsxwriter/1.1.4/include -I/usr/local/Cellar/wxwidgets/3.2.1/include/wx-3.2 -I/opt/local -I/opt/local/include -I/opt/local -I/opt/local/libexec/llvm-15/include -L/opt/local/libexec/llvm-15/lib -L/opt/local/lib conftest.c  >&5
configure:3265: $? = 0
configure:3288: result: 
configure:3310: checking whether we are cross compiling
configure:3318: /opt/local/libexec/llvm-15/bin/clang -o conftest -I/Users/alex/tech/root/include/openssl -I/usr/local/opt/llvm/include -I/Users/alex/tech/include/ -I/Users/alex/tech/root/include/openssl -I/usr/local/opt/binutils/include -I/usr/local/opt/curl/include -I/Users/alex/tech/lib -I/opt/local/include -I/usr/local/Cellar/libxlsxwriter/1.1.4/include -I/usr/local/Cellar/wxwidgets/3.2.1/include/wx-3.2 -I/opt/local -I/opt/local/include -I/opt/local -I/opt/local/libexec/llvm-15/include -L/opt/local/libexec/llvm-15/lib -L/opt/local/lib conftest.c  >&5
configure:3322: $? = 0
configure:3329: ./conftest
configure:3333: $? = 0
configure:3348: result: no
configure:3353: checking for suffix of object files
configure:3376: /opt/local/libexec/llvm-15/bin/clang -c -I/Users/alex/tech/root/include/openssl -I/usr/local/opt/llvm/include -I/Users/alex/tech/include/ -I/Users/alex/tech/root/include/openssl -I/usr/local/opt/binutils/include -I/usr/local/opt/curl/include -I/Users/alex/tech/lib -I/opt/local/include -I/usr/local/Cellar/libxlsxwriter/1.1.4/include -I/usr/local/Cellar/wxwidgets/3.2.1/include/wx-3.2 -I/opt/local -I/opt/local/include -I/opt/local -I/opt/local/libexec/llvm-15/include conftest.c >&5
configure:3380: $? = 0
configure:3402: result: o
configure:3406: checking whether the compiler supports GNU C
configure:3426: /opt/local/libexec/llvm-15/bin/clang -c -I/Users/alex/tech/root/include/openssl -I/usr/local/opt/llvm/include -I/Users/alex/tech/include/ -I/Users/alex/tech/root/include/openssl -I/usr/local/opt/binutils/include -I/usr/local/opt/curl/include -I/Users/alex/tech/lib -I/opt/local/include -I/usr/local/Cellar/libxlsxwriter/1.1.4/include -I/usr/local/Cellar/wxwidgets/3.2.1/include/wx-3.2 -I/opt/local -I/opt/local/include -I/opt/local -I/opt/local/libexec/llvm-15/include conftest.c >&5
configure:3426: $? = 0
configure:3436: result: yes
configure:3447: checking whether /opt/local/libexec/llvm-15/bin/clang accepts -g
configure:3468: /opt/local/libexec/llvm-15/bin/clang -c -g -I/opt/local/libexec/llvm-15/include conftest.c >&5
configure:3468: $? = 0
configure:3512: result: yes
configure:3532: checking for /opt/local/libexec/llvm-15/bin/clang option to enable C11 features
configure:3547: /opt/local/libexec/llvm-15/bin/clang  -c -I/Users/alex/tech/root/include/openssl -I/usr/local/opt/llvm/include -I/Users/alex/tech/include/ -I/Users/alex/tech/root/include/openssl -I/usr/local/opt/binutils/include -I/usr/local/opt/curl/include -I/Users/alex/tech/lib -I/opt/local/include -I/usr/local/Cellar/libxlsxwriter/1.1.4/include -I/usr/local/Cellar/wxwidgets/3.2.1/include/wx-3.2 -I/opt/local -I/opt/local/include -I/opt/local -I/opt/local/libexec/llvm-15/include conftest.c >&5
conftest.c:23:14: warning: a function definition without a prototype is deprecated in all versions of C and is not supported in C2x [-Wdeprecated-non-prototype]
static char *e (p, i)
             ^
1 warning generated.
configure:3547: $? = 0
configure:3565: result: none needed
configure:3681: checking whether /opt/local/libexec/llvm-15/bin/clang understands -c and -o together
configure:3704: /opt/local/libexec/llvm-15/bin/clang -c conftest.c -o conftest2.o
configure:3707: $? = 0
configure:3704: /opt/local/libexec/llvm-15/bin/clang -c conftest.c -o conftest2.o
configure:3707: $? = 0
configure:3719: result: yes
configure:3736: checking for a sed that does not truncate output
configure:3806: result: /usr/bin/sed
configure:3824: checking for grep that handles long lines and -e
configure:3888: result: /usr/bin/grep
configure:3893: checking for egrep
configure:3961: result: /usr/bin/grep -E
configure:3966: checking for fgrep
configure:4034: result: /usr/bin/grep -F
configure:4070: checking for ld used by /opt/local/libexec/llvm-15/bin/clang
configure:4138: result: /opt/local/libexec/llvm-15/bin/ld
configure:4145: checking if the linker (/opt/local/libexec/llvm-15/bin/ld) is GNU ld
configure:4161: result: no
configure:4173: checking for BSD- or MS-compatible name lister (nm)
configure:4228: result: /usr/bin/nm -B
configure:4368: checking the name lister (/usr/bin/nm -B) interface
configure:4376: /opt/local/libexec/llvm-15/bin/clang -c -I/Users/alex/tech/root/include/openssl -I/usr/local/opt/llvm/include -I/Users/alex/tech/include/ -I/Users/alex/tech/root/include/openssl -I/usr/local/opt/binutils/include -I/usr/local/opt/curl/include -I/Users/alex/tech/lib -I/opt/local/include -I/usr/local/Cellar/libxlsxwriter/1.1.4/include -I/usr/local/Cellar/wxwidgets/3.2.1/include/wx-3.2 -I/opt/local -I/opt/local/include -I/opt/local -I/opt/local/libexec/llvm-15/include conftest.c >&5
configure:4379: /usr/bin/nm -B "conftest.o"
configure:4382: output
0000000000000000 S _some_variable
configure:4389: result: BSD nm
configure:4392: checking whether ln -s works
configure:4396: result: yes
configure:4404: checking the maximum length of command line arguments
configure:4536: result: 196608
configure:4584: checking how to convert x86_64-apple-darwin17.7.0 file names to x86_64-apple-darwin17.7.0 format
configure:4625: result: func_convert_file_noop
configure:4632: checking how to convert x86_64-apple-darwin17.7.0 file names to toolchain format
configure:4653: result: func_convert_file_noop
configure:4660: checking for /opt/local/libexec/llvm-15/bin/ld option to reload object files
configure:4668: result: -r
configure:4747: checking for file
configure:4768: found /usr/bin/file
configure:4779: result: file
configure:4855: checking for objdump
configure:4876: found /usr/bin/objdump
configure:4887: result: objdump
configure:4919: checking how to recognize dependent libraries
configure:5120: result: pass_all
configure:5210: checking for dlltool
configure:5245: result: no
configure:5275: checking how to associate runtime and link libraries
configure:5303: result: printf %s\n
configure:5369: checking for ar
configure:5390: found /usr/bin/ar
configure:5401: result: ar
configure:5454: checking for archiver @FILE support
configure:5472: /opt/local/libexec/llvm-15/bin/clang -c -I/Users/alex/tech/root/include/openssl -I/usr/local/opt/llvm/include -I/Users/alex/tech/include/ -I/Users/alex/tech/root/include/openssl -I/usr/local/opt/binutils/include -I/usr/local/opt/curl/include -I/Users/alex/tech/lib -I/opt/local/include -I/usr/local/Cellar/libxlsxwriter/1.1.4/include -I/usr/local/Cellar/wxwidgets/3.2.1/include/wx-3.2 -I/opt/local -I/opt/local/include -I/opt/local -I/opt/local/libexec/llvm-15/include conftest.c >&5
configure:5472: $? = 0
configure:5476: ar cr libconftest.a @conftest.lst >&5
ar: @conftest.lst: No such file or directory
configure:5479: $? = 1
configure:5499: result: no
configure:5562: checking for strip
configure:5583: found /usr/bin/strip
configure:5594: result: strip
configure:5671: checking for ranlib
configure:5692: found /usr/bin/ranlib
configure:5703: result: ranlib
configure:5780: checking for gawk
configure:5815: result: no
configure:5780: checking for mawk
configure:5815: result: no
configure:5780: checking for nawk
configure:5815: result: no
configure:5780: checking for awk
configure:5801: found /usr/bin/awk
configure:5812: result: awk
configure:5852: checking command to parse /usr/bin/nm -B output from /opt/local/libexec/llvm-15/bin/clang object
configure:6006: /opt/local/libexec/llvm-15/bin/clang -c -I/Users/alex/tech/root/include/openssl -I/usr/local/opt/llvm/include -I/Users/alex/tech/include/ -I/Users/alex/tech/root/include/openssl -I/usr/local/opt/binutils/include -I/usr/local/opt/curl/include -I/Users/alex/tech/lib -I/opt/local/include -I/usr/local/Cellar/libxlsxwriter/1.1.4/include -I/usr/local/Cellar/wxwidgets/3.2.1/include/wx-3.2 -I/opt/local -I/opt/local/include -I/opt/local -I/opt/local/libexec/llvm-15/include conftest.c >&5
configure:6009: $? = 0
configure:6013: /usr/bin/nm -B conftest.o \| /usr/bin/sed -n -e 's/^.*[ ]\([BCDEGRST][BCDEGRST]*\)[ ][ ]*\([_A-Za-z][_A-Za-z0-9]*\)$/\1 \2 \2/p' | /usr/bin/sed '/ __gnu_lto/d' \> conftest.nm
configure:6016: $? = 0
cannot find nm_test_var in conftest.nm
configure:6006: /opt/local/libexec/llvm-15/bin/clang -c -I/Users/alex/tech/root/include/openssl -I/usr/local/opt/llvm/include -I/Users/alex/tech/include/ -I/Users/alex/tech/root/include/openssl -I/usr/local/opt/binutils/include -I/usr/local/opt/curl/include -I/Users/alex/tech/lib -I/opt/local/include -I/usr/local/Cellar/libxlsxwriter/1.1.4/include -I/usr/local/Cellar/wxwidgets/3.2.1/include/wx-3.2 -I/opt/local -I/opt/local/include -I/opt/local -I/opt/local/libexec/llvm-15/include conftest.c >&5
configure:6009: $? = 0
configure:6013: /usr/bin/nm -B conftest.o \| /usr/bin/sed -n -e 's/^.*[ ]\([BCDEGRST][BCDEGRST]*\)[ ][ ]*_\([_A-Za-z][_A-Za-z0-9]*\)$/\1 _\2 \2/p' | /usr/bin/sed '/ __gnu_lto/d' \> conftest.nm
configure:6016: $? = 0
configure:6082: /opt/local/libexec/llvm-15/bin/clang -o conftest -I/Users/alex/tech/root/include/openssl -I/usr/local/opt/llvm/include -I/Users/alex/tech/include/ -I/Users/alex/tech/root/include/openssl -I/usr/local/opt/binutils/include -I/usr/local/opt/curl/include -I/Users/alex/tech/lib -I/opt/local/include -I/usr/local/Cellar/libxlsxwriter/1.1.4/include -I/usr/local/Cellar/wxwidgets/3.2.1/include/wx-3.2 -I/opt/local -I/opt/local/include -I/opt/local -I/opt/local/libexec/llvm-15/include -L/opt/local/libexec/llvm-15/lib -L/opt/local/lib conftest.c conftstm.o >&5
configure:6085: $? = 0
configure:6123: result: ok
configure:6170: checking for sysroot
configure:6201: result: no
configure:6208: checking for a working dd
configure:6252: result: /bin/dd
configure:6256: checking how to truncate binary pipes
configure:6272: result: /bin/dd bs=4096 count=1
configure:6609: checking for mt
configure:6644: result: no
configure:6664: checking if : is a manifest tool
configure:6671: : '-?'
configure:6679: result: no
configure:6740: checking for dsymutil
configure:6761: found /opt/local/libexec/llvm-15/bin/dsymutil
configure:6772: result: dsymutil
configure:6842: checking for nmedit
configure:6863: found /usr/bin/nmedit
configure:6874: result: nmedit
configure:6944: checking for lipo
configure:6965: found /usr/bin/lipo
configure:6976: result: lipo
configure:7046: checking for otool
configure:7067: found /usr/bin/otool
configure:7078: result: otool
configure:7148: checking for otool64
configure:7183: result: no
configure:7228: checking for -single_module linker flag
/opt/local/libexec/llvm-15/bin/clang -I/Users/alex/tech/root/include/openssl -I/usr/local/opt/llvm/include -I/Users/alex/tech/include/ -I/Users/alex/tech/root/include/openssl -I/usr/local/opt/binutils/include -I/usr/local/opt/curl/include -I/Users/alex/tech/lib -I/opt/local/include -I/usr/local/Cellar/libxlsxwriter/1.1.4/include -I/usr/local/Cellar/wxwidgets/3.2.1/include/wx-3.2 -I/opt/local -I/opt/local/include -I/opt/local -L/opt/local/libexec/llvm-15/lib -L/opt/local/lib -o libconftest.dylib -dynamiclib -Wl,-single_module conftest.c
configure:7262: result: yes
configure:7265: checking for -exported_symbols_list linker flag
configure:7286: /opt/local/libexec/llvm-15/bin/clang -o conftest -I/Users/alex/tech/root/include/openssl -I/usr/local/opt/llvm/include -I/Users/alex/tech/include/ -I/Users/alex/tech/root/include/openssl -I/usr/local/opt/binutils/include -I/usr/local/opt/curl/include -I/Users/alex/tech/lib -I/opt/local/include -I/usr/local/Cellar/libxlsxwriter/1.1.4/include -I/usr/local/Cellar/wxwidgets/3.2.1/include/wx-3.2 -I/opt/local -I/opt/local/include -I/opt/local -I/opt/local/libexec/llvm-15/include -L/opt/local/libexec/llvm-15/lib -L/opt/local/lib -Wl,-exported_symbols_list,conftest.sym conftest.c  >&5
configure:7286: $? = 0
configure:7297: result: yes
configure:7300: checking for -force_load linker flag
/opt/local/libexec/llvm-15/bin/clang -I/Users/alex/tech/root/include/openssl -I/usr/local/opt/llvm/include -I/Users/alex/tech/include/ -I/Users/alex/tech/root/include/openssl -I/usr/local/opt/binutils/include -I/usr/local/opt/curl/include -I/Users/alex/tech/lib -I/opt/local/include -I/usr/local/Cellar/libxlsxwriter/1.1.4/include -I/usr/local/Cellar/wxwidgets/3.2.1/include/wx-3.2 -I/opt/local -I/opt/local/include -I/opt/local -c -o conftest.o conftest.c
ar cr libconftest.a conftest.o
ranlib libconftest.a
/opt/local/libexec/llvm-15/bin/clang -I/Users/alex/tech/root/include/openssl -I/usr/local/opt/llvm/include -I/Users/alex/tech/include/ -I/Users/alex/tech/root/include/openssl -I/usr/local/opt/binutils/include -I/usr/local/opt/curl/include -I/Users/alex/tech/lib -I/opt/local/include -I/usr/local/Cellar/libxlsxwriter/1.1.4/include -I/usr/local/Cellar/wxwidgets/3.2.1/include/wx-3.2 -I/opt/local -I/opt/local/include -I/opt/local -L/opt/local/libexec/llvm-15/lib -L/opt/local/lib -o conftest conftest.c -Wl,-force_load,./libconftest.a
configure:7333: result: yes
configure:7404: checking for stdio.h
configure:7404: /opt/local/libexec/llvm-15/bin/clang -c -I/Users/alex/tech/root/include/openssl -I/usr/local/opt/llvm/include -I/Users/alex/tech/include/ -I/Users/alex/tech/root/include/openssl -I/usr/local/opt/binutils/include -I/usr/local/opt/curl/include -I/Users/alex/tech/lib -I/opt/local/include -I/usr/local/Cellar/libxlsxwriter/1.1.4/include -I/usr/local/Cellar/wxwidgets/3.2.1/include/wx-3.2 -I/opt/local -I/opt/local/include -I/opt/local -I/opt/local/libexec/llvm-15/include conftest.c >&5
configure:7404: $? = 0
configure:7404: result: yes
configure:7404: checking for stdlib.h
configure:7404: /opt/local/libexec/llvm-15/bin/clang -c -I/Users/alex/tech/root/include/openssl -I/usr/local/opt/llvm/include -I/Users/alex/tech/include/ -I/Users/alex/tech/root/include/openssl -I/usr/local/opt/binutils/include -I/usr/local/opt/curl/include -I/Users/alex/tech/lib -I/opt/local/include -I/usr/local/Cellar/libxlsxwriter/1.1.4/include -I/usr/local/Cellar/wxwidgets/3.2.1/include/wx-3.2 -I/opt/local -I/opt/local/include -I/opt/local -I/opt/local/libexec/llvm-15/include conftest.c >&5
configure:7404: $? = 0
configure:7404: result: yes
configure:7404: checking for string.h
configure:7404: /opt/local/libexec/llvm-15/bin/clang -c -I/Users/alex/tech/root/include/openssl -I/usr/local/opt/llvm/include -I/Users/alex/tech/include/ -I/Users/alex/tech/root/include/openssl -I/usr/local/opt/binutils/include -I/usr/local/opt/curl/include -I/Users/alex/tech/lib -I/opt/local/include -I/usr/local/Cellar/libxlsxwriter/1.1.4/include -I/usr/local/Cellar/wxwidgets/3.2.1/include/wx-3.2 -I/opt/local -I/opt/local/include -I/opt/local -I/opt/local/libexec/llvm-15/include conftest.c >&5
configure:7404: $? = 0
configure:7404: result: yes
configure:7404: checking for inttypes.h
configure:7404: /opt/local/libexec/llvm-15/bin/clang -c -I/Users/alex/tech/root/include/openssl -I/usr/local/opt/llvm/include -I/Users/alex/tech/include/ -I/Users/alex/tech/root/include/openssl -I/usr/local/opt/binutils/include -I/usr/local/opt/curl/include -I/Users/alex/tech/lib -I/opt/local/include -I/usr/local/Cellar/libxlsxwriter/1.1.4/include -I/usr/local/Cellar/wxwidgets/3.2.1/include/wx-3.2 -I/opt/local -I/opt/local/include -I/opt/local -I/opt/local/libexec/llvm-15/include conftest.c >&5
configure:7404: $? = 0
configure:7404: result: yes
configure:7404: checking for stdint.h
configure:7404: /opt/local/libexec/llvm-15/bin/clang -c -I/Users/alex/tech/root/include/openssl -I/usr/local/opt/llvm/include -I/Users/alex/tech/include/ -I/Users/alex/tech/root/include/openssl -I/usr/local/opt/binutils/include -I/usr/local/opt/curl/include -I/Users/alex/tech/lib -I/opt/local/include -I/usr/local/Cellar/libxlsxwriter/1.1.4/include -I/usr/local/Cellar/wxwidgets/3.2.1/include/wx-3.2 -I/opt/local -I/opt/local/include -I/opt/local -I/opt/local/libexec/llvm-15/include conftest.c >&5
configure:7404: $? = 0
configure:7404: result: yes
configure:7404: checking for strings.h
configure:7404: /opt/local/libexec/llvm-15/bin/clang -c -I/Users/alex/tech/root/include/openssl -I/usr/local/opt/llvm/include -I/Users/alex/tech/include/ -I/Users/alex/tech/root/include/openssl -I/usr/local/opt/binutils/include -I/usr/local/opt/curl/include -I/Users/alex/tech/lib -I/opt/local/include -I/usr/local/Cellar/libxlsxwriter/1.1.4/include -I/usr/local/Cellar/wxwidgets/3.2.1/include/wx-3.2 -I/opt/local -I/opt/local/include -I/opt/local -I/opt/local/libexec/llvm-15/include conftest.c >&5
configure:7404: $? = 0
configure:7404: result: yes
configure:7404: checking for sys/stat.h
configure:7404: /opt/local/libexec/llvm-15/bin/clang -c -I/Users/alex/tech/root/include/openssl -I/usr/local/opt/llvm/include -I/Users/alex/tech/include/ -I/Users/alex/tech/root/include/openssl -I/usr/local/opt/binutils/include -I/usr/local/opt/curl/include -I/Users/alex/tech/lib -I/opt/local/include -I/usr/local/Cellar/libxlsxwriter/1.1.4/include -I/usr/local/Cellar/wxwidgets/3.2.1/include/wx-3.2 -I/opt/local -I/opt/local/include -I/opt/local -I/opt/local/libexec/llvm-15/include conftest.c >&5
configure:7404: $? = 0
configure:7404: result: yes
configure:7404: checking for sys/types.h
configure:7404: /opt/local/libexec/llvm-15/bin/clang -c -I/Users/alex/tech/root/include/openssl -I/usr/local/opt/llvm/include -I/Users/alex/tech/include/ -I/Users/alex/tech/root/include/openssl -I/usr/local/opt/binutils/include -I/usr/local/opt/curl/include -I/Users/alex/tech/lib -I/opt/local/include -I/usr/local/Cellar/libxlsxwriter/1.1.4/include -I/usr/local/Cellar/wxwidgets/3.2.1/include/wx-3.2 -I/opt/local -I/opt/local/include -I/opt/local -I/opt/local/libexec/llvm-15/include conftest.c >&5
configure:7404: $? = 0
configure:7404: result: yes
configure:7404: checking for unistd.h
configure:7404: /opt/local/libexec/llvm-15/bin/clang -c -I/Users/alex/tech/root/include/openssl -I/usr/local/opt/llvm/include -I/Users/alex/tech/include/ -I/Users/alex/tech/root/include/openssl -I/usr/local/opt/binutils/include -I/usr/local/opt/curl/include -I/Users/alex/tech/lib -I/opt/local/include -I/usr/local/Cellar/libxlsxwriter/1.1.4/include -I/usr/local/Cellar/wxwidgets/3.2.1/include/wx-3.2 -I/opt/local -I/opt/local/include -I/opt/local -I/opt/local/libexec/llvm-15/include conftest.c >&5
configure:7404: $? = 0
configure:7404: result: yes
configure:7429: checking for dlfcn.h
configure:7429: /opt/local/libexec/llvm-15/bin/clang -c -I/Users/alex/tech/root/include/openssl -I/usr/local/opt/llvm/include -I/Users/alex/tech/include/ -I/Users/alex/tech/root/include/openssl -I/usr/local/opt/binutils/include -I/usr/local/opt/curl/include -I/Users/alex/tech/lib -I/opt/local/include -I/usr/local/Cellar/libxlsxwriter/1.1.4/include -I/usr/local/Cellar/wxwidgets/3.2.1/include/wx-3.2 -I/opt/local -I/opt/local/include -I/opt/local -I/opt/local/libexec/llvm-15/include conftest.c >&5
configure:7429: $? = 0
configure:7429: result: yes
configure:7688: checking for objdir
configure:7704: result: .libs
configure:7968: checking if /opt/local/libexec/llvm-15/bin/clang supports -fno-rtti -fno-exceptions
configure:7987: /opt/local/libexec/llvm-15/bin/clang -c -I/Users/alex/tech/root/include/openssl -I/usr/local/opt/llvm/include -I/Users/alex/tech/include/ -I/Users/alex/tech/root/include/openssl -I/usr/local/opt/binutils/include -I/usr/local/opt/curl/include -I/Users/alex/tech/lib -I/opt/local/include -I/usr/local/Cellar/libxlsxwriter/1.1.4/include -I/usr/local/Cellar/wxwidgets/3.2.1/include/wx-3.2 -I/opt/local -I/opt/local/include -I/opt/local -I/opt/local/libexec/llvm-15/include -fno-rtti -fno-exceptions conftest.c >&5
configure:7991: $? = 0
configure:8004: result: yes
configure:8362: checking for /opt/local/libexec/llvm-15/bin/clang option to produce PIC
configure:8370: result: -fno-common -DPIC
configure:8378: checking if /opt/local/libexec/llvm-15/bin/clang PIC flag -fno-common -DPIC works
configure:8397: /opt/local/libexec/llvm-15/bin/clang -c -I/Users/alex/tech/root/include/openssl -I/usr/local/opt/llvm/include -I/Users/alex/tech/include/ -I/Users/alex/tech/root/include/openssl -I/usr/local/opt/binutils/include -I/usr/local/opt/curl/include -I/Users/alex/tech/lib -I/opt/local/include -I/usr/local/Cellar/libxlsxwriter/1.1.4/include -I/usr/local/Cellar/wxwidgets/3.2.1/include/wx-3.2 -I/opt/local -I/opt/local/include -I/opt/local -I/opt/local/libexec/llvm-15/include -fno-common -DPIC -DPIC conftest.c >&5
configure:8401: $? = 0
configure:8414: result: yes
configure:8443: checking if /opt/local/libexec/llvm-15/bin/clang static flag -static works
configure:8472: result: no
configure:8487: checking if /opt/local/libexec/llvm-15/bin/clang supports -c -o file.o
configure:8509: /opt/local/libexec/llvm-15/bin/clang -c -I/Users/alex/tech/root/include/openssl -I/usr/local/opt/llvm/include -I/Users/alex/tech/include/ -I/Users/alex/tech/root/include/openssl -I/usr/local/opt/binutils/include -I/usr/local/opt/curl/include -I/Users/alex/tech/lib -I/opt/local/include -I/usr/local/Cellar/libxlsxwriter/1.1.4/include -I/usr/local/Cellar/wxwidgets/3.2.1/include/wx-3.2 -I/opt/local -I/opt/local/include -I/opt/local -I/opt/local/libexec/llvm-15/include -o out/conftest2.o conftest.c >&5
configure:8513: $? = 0
configure:8535: result: yes
configure:8543: checking if /opt/local/libexec/llvm-15/bin/clang supports -c -o file.o
configure:8591: result: yes
configure:8624: checking whether the /opt/local/libexec/llvm-15/bin/clang linker (/opt/local/libexec/llvm-15/bin/ld) supports shared libraries
configure:9892: result: yes
configure:10133: checking dynamic linker characteristics
configure:10954: result: darwin17.7.0 dyld
configure:11076: checking how to hardcode library paths into programs
configure:11101: result: immediate
configure:11653: checking whether stripping libraries is possible
configure:11670: result: yes
configure:11704: checking if libtool supports shared libraries
configure:11706: result: yes
configure:11709: checking whether to build shared libraries
configure:11734: result: yes
configure:11737: checking whether to build static libraries
configure:11741: result: yes
configure:11795: checking for a BSD-compatible install
configure:11868: result: /usr/bin/install -c
configure:11879: checking whether build environment is sane
configure:11934: result: yes
configure:12089: checking for a race-free mkdir -p
configure:12133: result: ./install-sh -c -d
configure:12136: checking whether make sets $(MAKE)
configure:12159: result: yes
configure:12181: checking whether make supports the include directive
configure:12196: make -f confmf.GNU && cat confinc.out
this is the am__doit target
configure:12199: $? = 0
configure:12218: result: yes (GNU style)
configure:12253: checking whether make supports nested variables
configure:12271: result: yes
configure:12352: checking dependency style of /opt/local/libexec/llvm-15/bin/clang
configure:12464: result: gcc3
configure:12591: checking for gcc
configure:12623: result: /opt/local/libexec/llvm-15/bin/clang
configure:12976: checking for C compiler version
configure:12985: /opt/local/libexec/llvm-15/bin/clang --version >&5
clang version 15.0.4
Target: x86_64-apple-darwin17.7.0
Thread model: posix
InstalledDir: /opt/local/libexec/llvm-15/bin
configure:12996: $? = 0
configure:12985: /opt/local/libexec/llvm-15/bin/clang -v >&5
clang version 15.0.4
Target: x86_64-apple-darwin17.7.0
Thread model: posix
InstalledDir: /opt/local/libexec/llvm-15/bin
configure:12996: $? = 0
configure:12985: /opt/local/libexec/llvm-15/bin/clang -V >&5
clang: error: argument to '-V' is missing (expected 1 value)
clang: error: no input files
configure:12996: $? = 1
configure:12985: /opt/local/libexec/llvm-15/bin/clang -qversion >&5
clang: error: unknown argument '-qversion'; did you mean '--version'?
clang: error: no input files
configure:12996: $? = 1
configure:12985: /opt/local/libexec/llvm-15/bin/clang -version >&5
clang: error: unknown argument '-version'; did you mean '--version'?
clang: error: no input files
configure:12996: $? = 1
configure:13000: checking whether the compiler supports GNU C
configure:13030: result: yes
configure:13041: checking whether /opt/local/libexec/llvm-15/bin/clang accepts -g
configure:13106: result: yes
configure:13126: checking for /opt/local/libexec/llvm-15/bin/clang option to enable C11 features
configure:13159: result: none needed
configure:13275: checking whether /opt/local/libexec/llvm-15/bin/clang understands -c and -o together
configure:13313: result: yes
configure:13330: checking for stdio.h
configure:13330: result: yes
configure:13484: checking that generated files are newer than configure
configure:13490: result: done
configure:13513: creating ./config.status

## ---------------------- ##
## Running config.status. ##
## ---------------------- ##

This file was extended by code config.status 1.0, which was
generated by GNU Autoconf 2.71.  Invocation command line was

  CONFIG_FILES    = 
  CONFIG_HEADERS  = 
  CONFIG_LINKS    = 
  CONFIG_COMMANDS = 
  $ ./config.status 

on mac.local

config.status:989: error: cannot find input file: `Makefile.in'

## ---------------- ##
## Cache variables. ##
## ---------------- ##

ac_cv_build=x86_64-apple-darwin17.7.0
ac_cv_c_compiler_gnu=yes
ac_cv_env_CC_set=set
ac_cv_env_CC_value=/opt/local/libexec/llvm-15/bin/clang
ac_cv_env_CFLAGS_set=set
ac_cv_env_CFLAGS_value='-I/Users/alex/tech/root/include/openssl -I/usr/local/opt/llvm/include -I/Users/alex/tech/include/ -I/Users/alex/tech/root/include/openssl -I/usr/local/opt/binutils/include -I/usr/local/opt/curl/include -I/Users/alex/tech/lib -I/opt/local/include -I/usr/local/Cellar/libxlsxwriter/1.1.4/include -I/usr/local/Cellar/wxwidgets/3.2.1/include/wx-3.2 -I/opt/local -I/opt/local/include -I/opt/local'
ac_cv_env_CPPFLAGS_set=set
ac_cv_env_CPPFLAGS_value=-I/opt/local/libexec/llvm-15/include
ac_cv_env_LDFLAGS_set=set
ac_cv_env_LDFLAGS_value='-L/opt/local/libexec/llvm-15/lib -L/opt/local/lib'
ac_cv_env_LIBS_set=
ac_cv_env_LIBS_value=
ac_cv_env_LT_SYS_LIBRARY_PATH_set=
ac_cv_env_LT_SYS_LIBRARY_PATH_value=
ac_cv_env_build_alias_set=
ac_cv_env_build_alias_value=
ac_cv_env_host_alias_set=
ac_cv_env_host_alias_value=
ac_cv_env_target_alias_set=
ac_cv_env_target_alias_value=
ac_cv_header_dlfcn_h=yes
ac_cv_header_inttypes_h=yes
ac_cv_header_stdint_h=yes
ac_cv_header_stdio_h=yes
ac_cv_header_stdlib_h=yes
ac_cv_header_string_h=yes
ac_cv_header_strings_h=yes
ac_cv_header_sys_stat_h=yes
ac_cv_header_sys_types_h=yes
ac_cv_header_unistd_h=yes
ac_cv_host=x86_64-apple-darwin17.7.0
ac_cv_objext=o
ac_cv_path_EGREP='/usr/bin/grep -E'
ac_cv_path_FGREP='/usr/bin/grep -F'
ac_cv_path_GREP=/usr/bin/grep
ac_cv_path_SED=/usr/bin/sed
ac_cv_path_install='/usr/bin/install -c'
ac_cv_path_lt_DD=/bin/dd
ac_cv_prog_AWK=awk
ac_cv_prog_ac_ct_AR=ar
ac_cv_prog_ac_ct_CC=/opt/local/libexec/llvm-15/bin/clang
ac_cv_prog_ac_ct_DSYMUTIL=dsymutil
ac_cv_prog_ac_ct_FILECMD=file
ac_cv_prog_ac_ct_LIPO=lipo
ac_cv_prog_ac_ct_NMEDIT=nmedit
ac_cv_prog_ac_ct_OBJDUMP=objdump
ac_cv_prog_ac_ct_OTOOL=otool
ac_cv_prog_ac_ct_RANLIB=ranlib
ac_cv_prog_ac_ct_STRIP=strip
ac_cv_prog_cc_c11=
ac_cv_prog_cc_g=yes
ac_cv_prog_cc_stdc=
ac_cv_prog_make_make_set=yes
am_cv_CC_dependencies_compiler_type=gcc3
am_cv_make_support_nested_variables=yes
am_cv_prog_cc_c_o=yes
lt_cv_apple_cc_single_mod=yes
lt_cv_ar_at_file=no
lt_cv_deplibs_check_method=pass_all
lt_cv_file_magic_cmd='$MAGIC_CMD'
lt_cv_file_magic_test_file=
lt_cv_ld_exported_symbols_list=yes
lt_cv_ld_force_load=yes
lt_cv_ld_reload_flag=-r
lt_cv_nm_interface='BSD nm'
lt_cv_objdir=.libs
lt_cv_path_LD=/opt/local/libexec/llvm-15/bin/ld
lt_cv_path_NM='/usr/bin/nm -B'
lt_cv_path_mainfest_tool=no
lt_cv_prog_compiler_c_o=yes
lt_cv_prog_compiler_pic='-fno-common -DPIC'
lt_cv_prog_compiler_pic_works=yes
lt_cv_prog_compiler_rtti_exceptions=yes
lt_cv_prog_compiler_static_works=no
lt_cv_prog_gnu_ld=no
lt_cv_sharedlib_from_linklib_cmd='printf %s\n'
lt_cv_sys_global_symbol_pipe='/usr/bin/sed -n -e '\''s/^.*[	 ]\([BCDEGRST][BCDEGRST]*\)[	 ][	 ]*_\([_A-Za-z][_A-Za-z0-9]*\)$/\1 _\2 \2/p'\'' | /usr/bin/sed '\''/ __gnu_lto/d'\'''
lt_cv_sys_global_symbol_to_c_name_address='/usr/bin/sed -n -e '\''s/^: \(.*\) .*$/  {"\1", (void *) 0},/p'\'' -e '\''s/^[BCDEGRST][BCDEGRST]* .* \(.*\)$/  {"\1", (void *) \&\1},/p'\'''
lt_cv_sys_global_symbol_to_c_name_address_lib_prefix='/usr/bin/sed -n -e '\''s/^: \(.*\) .*$/  {"\1", (void *) 0},/p'\'' -e '\''s/^[BCDEGRST][BCDEGRST]* .* \(lib.*\)$/  {"\1", (void *) \&\1},/p'\'' -e '\''s/^[BCDEGRST][BCDEGRST]* .* \(.*\)$/  {"lib\1", (void *) \&\1},/p'\'''
lt_cv_sys_global_symbol_to_cdecl='/usr/bin/sed -n -e '\''s/^T .* \(.*\)$/extern int \1();/p'\'' -e '\''s/^[BCDEGRST][BCDEGRST]* .* \(.*\)$/extern char \1;/p'\'''
lt_cv_sys_global_symbol_to_import=
lt_cv_sys_max_cmd_len=196608
lt_cv_to_host_file_cmd=func_convert_file_noop
lt_cv_to_tool_file_cmd=func_convert_file_noop
lt_cv_truncate_bin='/bin/dd bs=4096 count=1'

## ----------------- ##
## Output variables. ##
## ----------------- ##

ACLOCAL='${SHELL} '\''/Users/alex/dev/parcurs/SCRATCH/RELEASE/asm/poll2/missing'\'' aclocal-1.16'
AMDEPBACKSLASH='\'
AMDEP_FALSE='#'
AMDEP_TRUE=''
AMTAR='$${TAR-tar}'
AM_BACKSLASH='\'
AM_DEFAULT_V='$(AM_DEFAULT_VERBOSITY)'
AM_DEFAULT_VERBOSITY='1'
AM_V='$(V)'
AR='ar'
AUTOCONF='${SHELL} '\''/Users/alex/dev/parcurs/SCRATCH/RELEASE/asm/poll2/missing'\'' autoconf'
AUTOHEADER='${SHELL} '\''/Users/alex/dev/parcurs/SCRATCH/RELEASE/asm/poll2/missing'\'' autoheader'
AUTOMAKE='${SHELL} '\''/Users/alex/dev/parcurs/SCRATCH/RELEASE/asm/poll2/missing'\'' automake-1.16'
AWK='awk'
CC='/opt/local/libexec/llvm-15/bin/clang'
CCDEPMODE='depmode=gcc3'
CFLAGS='-I/Users/alex/tech/root/include/openssl -I/usr/local/opt/llvm/include -I/Users/alex/tech/include/ -I/Users/alex/tech/root/include/openssl -I/usr/local/opt/binutils/include -I/usr/local/opt/curl/include -I/Users/alex/tech/lib -I/opt/local/include -I/usr/local/Cellar/libxlsxwriter/1.1.4/include -I/usr/local/Cellar/wxwidgets/3.2.1/include/wx-3.2 -I/opt/local -I/opt/local/include -I/opt/local'
CPPFLAGS='-I/opt/local/libexec/llvm-15/include'
CSCOPE='cscope'
CTAGS='ctags'
CYGPATH_W='echo'
DEFS='-DPACKAGE_NAME=\"code\" -DPACKAGE_TARNAME=\"code\" -DPACKAGE_VERSION=\"1.0\" -DPACKAGE_STRING=\"code\ 1.0\" -DPACKAGE_BUGREPORT=\"\" -DPACKAGE_URL=\"\" -DHAVE_STDIO_H=1 -DHAVE_STDLIB_H=1 -DHAVE_STRING_H=1 -DHAVE_INTTYPES_H=1 -DHAVE_STDINT_H=1 -DHAVE_STRINGS_H=1 -DHAVE_SYS_STAT_H=1 -DHAVE_SYS_TYPES_H=1 -DHAVE_UNISTD_H=1 -DSTDC_HEADERS=1 -DHAVE_DLFCN_H=1 -DLT_OBJDIR=\".libs/\" -DPACKAGE=\"code\" -DVERSION=\"1.0\" -DHAVE_STDIO_H=1'
DEPDIR='.deps'
DLLTOOL='false'
DSYMUTIL='dsymutil'
DUMPBIN=''
ECHO_C='\c'
ECHO_N=''
ECHO_T=''
EGREP='/usr/bin/grep -E'
ETAGS='etags'
EXEEXT=''
FGREP='/usr/bin/grep -F'
FILECMD='file'
GREP='/usr/bin/grep'
INSTALL_DATA='${INSTALL} -m 644'
INSTALL_PROGRAM='${INSTALL}'
INSTALL_SCRIPT='${INSTALL}'
INSTALL_STRIP_PROGRAM='$(install_sh) -c -s'
LD='/opt/local/libexec/llvm-15/bin/ld'
LDFLAGS='-L/opt/local/libexec/llvm-15/lib -L/opt/local/lib'
LIBOBJS=''
LIBS=''
LIBTOOL='$(SHELL) $(top_builddir)/libtool'
LIPO='lipo'
LN_S='ln -s'
LTLIBOBJS=''
LT_SYS_LIBRARY_PATH=''
MAKEINFO='${SHELL} '\''/Users/alex/dev/parcurs/SCRATCH/RELEASE/asm/poll2/missing'\'' makeinfo'
MANIFEST_TOOL=':'
MKDIR_P='./install-sh -c -d'
NM='/usr/bin/nm -B'
NMEDIT='nmedit'
OBJDUMP='objdump'
OBJEXT='o'
OTOOL64=':'
OTOOL='otool'
PACKAGE='code'
PACKAGE_BUGREPORT=''
PACKAGE_NAME='code'
PACKAGE_STRING='code 1.0'
PACKAGE_TARNAME='code'
PACKAGE_URL=''
PACKAGE_VERSION='1.0'
PATH_SEPARATOR=':'
RANLIB='ranlib'
SED='/usr/bin/sed'
SET_MAKE=''
SHELL='/bin/sh'
STRIP='strip'
VERSION='1.0'
ac_ct_AR='ar'
ac_ct_CC='/opt/local/libexec/llvm-15/bin/clang'
ac_ct_DUMPBIN=''
am__EXEEXT_FALSE=''
am__EXEEXT_TRUE='#'
am__fastdepCC_FALSE='#'
am__fastdepCC_TRUE=''
am__include='include'
am__isrc=''
am__leading_dot='.'
am__nodep='_no'
am__quote=''
am__tar='$${TAR-tar} chof - "$$tardir"'
am__untar='$${TAR-tar} xf -'
bindir='${exec_prefix}/bin'
build='x86_64-apple-darwin17.7.0'
build_alias=''
build_cpu='x86_64'
build_os='darwin17.7.0'
build_vendor='apple'
datadir='${datarootdir}'
datarootdir='${prefix}/share'
docdir='${datarootdir}/doc/${PACKAGE_TARNAME}'
dvidir='${docdir}'
exec_prefix='${prefix}'
host='x86_64-apple-darwin17.7.0'
host_alias=''
host_cpu='x86_64'
host_os='darwin17.7.0'
host_vendor='apple'
htmldir='${docdir}'
includedir='${prefix}/include'
infodir='${datarootdir}/info'
install_sh='${SHELL} /Users/alex/dev/parcurs/SCRATCH/RELEASE/asm/poll2/install-sh'
libdir='${exec_prefix}/lib'
libexecdir='${exec_prefix}/libexec'
localedir='${datarootdir}/locale'
localstatedir='${prefix}/var'
mandir='${datarootdir}/man'
mkdir_p='$(MKDIR_P)'
oldincludedir='/usr/include'
pdfdir='${docdir}'
prefix='/usr/local'
program_transform_name='s,x,x,'
psdir='${docdir}'
runstatedir='${localstatedir}/run'
sbindir='${exec_prefix}/sbin'
sharedstatedir='${prefix}/com'
sysconfdir='${prefix}/etc'
target_alias=''

## ----------- ##
## confdefs.h. ##
## ----------- ##

/* confdefs.h */
#define PACKAGE_NAME "code"
#define PACKAGE_TARNAME "code"
#define PACKAGE_VERSION "1.0"
#define PACKAGE_STRING "code 1.0"
#define PACKAGE_BUGREPORT ""
#define PACKAGE_URL ""
#define HAVE_STDIO_H 1
#define HAVE_STDLIB_H 1
#define HAVE_STRING_H 1
#define HAVE_INTTYPES_H 1
#define HAVE_STDINT_H 1
#define HAVE_STRINGS_H 1
#define HAVE_SYS_STAT_H 1
#define HAVE_SYS_TYPES_H 1
#define HAVE_UNISTD_H 1
#define STDC_HEADERS 1
#define HAVE_DLFCN_H 1
#define LT_OBJDIR ".libs/"
#define PACKAGE "code"
#define VERSION "1.0"
#define HAVE_STDIO_H 1

configure: exit 1
