This file contains any messages produced by compilers while
running configure, to aid debugging if configure makes a mistake.

It was created by FULL-PACKAGE-NAME configure VERSION, which was
generated by GNU Autoconf 2.71.  Invocation command line was

  $ ./configure --prefix=/Users/alex/dev/parcurs/SCRATCH/RELEASE/asm/auto2/bin

## --------- ##
## Platform. ##
## --------- ##

hostname = mac.local
uname -m = x86_64
uname -r = 17.7.0
uname -s = Darwin
uname -v = Darwin Kernel Version 17.7.0: Fri Oct 30 13:34:27 PDT 2020; root:xnu-4570.71.82.8~1/RELEASE_X86_64

/usr/bin/uname -p = i386
/bin/uname -X     = unknown

/bin/arch              = unknown
/usr/bin/arch -k       = unknown
/usr/convex/getsysinfo = unknown
/usr/bin/hostinfo      = Mach kernel version:
	 Darwin Kernel Version 17.7.0: Fri Oct 30 13:34:27 PDT 2020; root:xnu-4570.71.82.8~1/RELEASE_X86_64
Kernel configured for up to 4 processors.
2 processors are physically available.
4 processors are logically available.
Processor type: i486 (Intel 80486)
Processors active: 0 1 2 3
Primary memory available: 8.00 gigabytes
Default processor set: 354 tasks, 1407 threads, 4 processors
Load average: 1.32, Mach factor: 2.67
/bin/machine           = unknown
/usr/bin/oslevel       = unknown
/bin/universe          = unknown

PATH: /Applications/CMake.app/Contents/bin/
PATH: /usr/local/bin/python3/
PATH: /opt/local/libexec/llvm-15/bin/
PATH: /usr/local/opt/libiconv/bin/
PATH: /usr/local/opt/ruby/bin/
PATH: /usr/local/include/
PATH: /opt/local/
PATH: /usr/local/opt/openssl@1.1/bin/
PATH: /Applications/CMake.app/Contents/bin/
PATH: /usr/local/bin/python3/
PATH: /opt/local/libexec/llvm-15/bin/
PATH: /usr/local/opt/libiconv/bin/
PATH: /usr/local/opt/ruby/bin/
PATH: /usr/local/include/
PATH: /opt/local/
PATH: /usr/local/opt/openssl@1.1/bin/
PATH: /Applications/CMake.app/Contents/bin/
PATH: /usr/local/bin/python3/
PATH: /opt/local/libexec/llvm-15/bin/
PATH: /usr/local/opt/libiconv/bin/
PATH: /usr/local/opt/ruby/bin/
PATH: /usr/local/include/
PATH: /opt/local/
PATH: /usr/local/opt/openssl@1.1/bin/
PATH: /Users/alex/bin/
PATH: /usr/local/bin/
PATH: /opt/local/
PATH: /Applications/CMake.app/Contents/bin/
PATH: /usr/local/bin/python3/
PATH: /opt/local/libexec/llvm-15/bin/
PATH: /usr/local/opt/libiconv/bin/
PATH: /usr/local/opt/ruby/bin/
PATH: /usr/local/include/
PATH: /opt/local/
PATH: /usr/local/opt/openssl@1.1/bin/
PATH: /usr/local/bin/
PATH: /usr/bin/
PATH: /bin/
PATH: /usr/sbin/
PATH: /sbin/
PATH: /usr/local/opt/
PATH: /usr/local/opt/fzf/bin/
PATH: /opt/local/
PATH: /opt/local/libexec/llvm-15/bin/
PATH: /usr/local/include/
PATH: /Users/alex/tech/root/include/openssl/
PATH: /usr/local/Cellar/libwebsockets/include/
PATH: /opt/local/include/
PATH: /usr/local/Cellar/libxlsxwriter/1.1.4/include/
PATH: /usr/local/include/
PATH: ~/bin/
PATH: /usr/local/opt/openssl/bin/
PATH: /usr/local/opt/llvm-15/bin/
PATH: /opt/local/bin/
PATH: /opt/local/sbin/
PATH: /usr/local/sbin/
PATH: /usr/local/opt/sbin/
PATH: /usr/local/opt/curl/bin/
PATH: /usr/local/Cellar/gcc/12.1.0_2/
PATH: /usr/local/Cellar/gsl/2.6/include/gsl/
PATH: /usr/local/Cellar/glib/2.66.7/include/glib-2.0/
PATH: /usr/local/Cellar/libxlsxwriter/1.1.4/include/
PATH: /usr/local/include/
PATH: ~/bin/
PATH: /usr/local/opt/openssl/bin/
PATH: /usr/local/opt/llvm-15/bin/
PATH: /opt/local/bin/
PATH: /opt/local/sbin/
PATH: /usr/local/sbin/
PATH: /usr/local/opt/sbin/
PATH: /usr/local/opt/curl/bin/
PATH: /usr/local/Cellar/gcc/12.1.0_2/
PATH: /usr/local/Cellar/gsl/2.6/include/gsl/
PATH: /usr/local/Cellar/glib/2.66.7/include/glib-2.0/
PATH: /usr/local/Cellar/libxlsxwriter/1.1.4/include/
PATH: /Users/alex/.cargo/bin/
PATH: /usr/local/Cellar/gtk+3/3.24.34/lib/
PATH: /usr/local/Cellar/gtk+3/3.24.34/include/
PATH: /Users/alex/tech/root/include/openssl/
PATH: ~/bin/
PATH: /usr/local/opt/openssl/bin/
PATH: /usr/local/opt/llvm/bin/
PATH: /opt/local/bin/
PATH: /opt/local/sbin/
PATH: /usr/local/sbin/
PATH: /usr/local/opt/sbin/
PATH: /usr/local/Cellar/gsl/2.6/include/gsl/
PATH: /usr/local/Cellar/glib/2.66.7/include/glib-2.0/
PATH: /usr/local/Cellar/cmockery/
PATH: /usr/local/Cellar/cmockery/0.1.2/include/google/
PATH: /Users/alex/tech/lib/
PATH: /usr/local/Cellar/libxlsxwriter/1.1.4/include/
PATH: /opt/local/
PATH: /opt/local/
PATH: /opt/local/libexec/llvm-15/bin/
PATH: /usr/local/include/
PATH: /Users/alex/tech/root/include/openssl/
PATH: /usr/local/Cellar/libwebsockets/include/
PATH: /opt/local/include/
PATH: /usr/local/Cellar/libxlsxwriter/1.1.4/include/
PATH: /usr/local/include/
PATH: ~/bin/
PATH: /usr/local/opt/openssl/bin/
PATH: /usr/local/opt/llvm-15/bin/
PATH: /opt/local/bin/
PATH: /opt/local/sbin/
PATH: /usr/local/sbin/
PATH: /usr/local/opt/sbin/
PATH: /usr/local/opt/curl/bin/
PATH: /usr/local/Cellar/gcc/12.1.0_2/
PATH: /usr/local/Cellar/gsl/2.6/include/gsl/
PATH: /usr/local/Cellar/glib/2.66.7/include/glib-2.0/
PATH: /usr/local/Cellar/libxlsxwriter/1.1.4/include/
PATH: /usr/local/include/
PATH: ~/bin/
PATH: /usr/local/opt/openssl/bin/
PATH: /usr/local/opt/llvm-15/bin/
PATH: /opt/local/bin/
PATH: /opt/local/sbin/
PATH: /usr/local/sbin/
PATH: /usr/local/opt/sbin/
PATH: /usr/local/opt/curl/bin/
PATH: /usr/local/Cellar/gcc/12.1.0_2/
PATH: /usr/local/Cellar/gsl/2.6/include/gsl/
PATH: /usr/local/Cellar/glib/2.66.7/include/glib-2.0/
PATH: /usr/local/Cellar/libxlsxwriter/1.1.4/include/
PATH: /Users/alex/.cargo/bin/
PATH: /usr/local/Cellar/gtk+3/3.24.34/lib/
PATH: /usr/local/Cellar/gtk+3/3.24.34/include/
PATH: /Users/alex/tech/root/include/openssl/
PATH: ~/bin/
PATH: /usr/local/opt/openssl/bin/
PATH: /usr/local/opt/llvm/bin/
PATH: /opt/local/bin/
PATH: /opt/local/sbin/
PATH: /usr/local/sbin/
PATH: /usr/local/opt/sbin/
PATH: /usr/local/Cellar/gsl/2.6/include/gsl/
PATH: /usr/local/Cellar/glib/2.66.7/include/glib-2.0/
PATH: /usr/local/Cellar/cmockery/
PATH: /usr/local/Cellar/cmockery/0.1.2/include/google/
PATH: /Users/alex/tech/lib/
PATH: /usr/local/Cellar/libxlsxwriter/1.1.4/include/
PATH: /opt/local/
PATH: /opt/local/
PATH: /opt/local/libexec/llvm-15/bin/
PATH: /usr/local/include/
PATH: /Users/alex/tech/root/include/openssl/
PATH: /usr/local/Cellar/libwebsockets/include/
PATH: /opt/local/include/
PATH: /usr/local/Cellar/libxlsxwriter/1.1.4/include/
PATH: /usr/local/include/
PATH: ~/bin/
PATH: /usr/local/opt/openssl/bin/
PATH: /usr/local/opt/llvm-15/bin/
PATH: /opt/local/bin/
PATH: /opt/local/sbin/
PATH: /usr/local/sbin/
PATH: /usr/local/opt/sbin/
PATH: /usr/local/opt/curl/bin/
PATH: /usr/local/Cellar/gcc/12.1.0_2/
PATH: /usr/local/Cellar/gsl/2.6/include/gsl/
PATH: /usr/local/Cellar/glib/2.66.7/include/glib-2.0/
PATH: /usr/local/Cellar/libxlsxwriter/1.1.4/include/
PATH: /usr/local/include/
PATH: ~/bin/
PATH: /usr/local/opt/openssl/bin/
PATH: /usr/local/opt/llvm-15/bin/
PATH: /opt/local/bin/
PATH: /opt/local/sbin/
PATH: /usr/local/sbin/
PATH: /usr/local/opt/sbin/
PATH: /usr/local/opt/curl/bin/
PATH: /usr/local/Cellar/gcc/12.1.0_2/
PATH: /usr/local/Cellar/gsl/2.6/include/gsl/
PATH: /usr/local/Cellar/glib/2.66.7/include/glib-2.0/
PATH: /usr/local/Cellar/libxlsxwriter/1.1.4/include/
PATH: /Users/alex/.cargo/bin/
PATH: /usr/local/Cellar/gtk+3/3.24.34/lib/
PATH: /usr/local/Cellar/gtk+3/3.24.34/include/
PATH: /Users/alex/tech/root/include/openssl/
PATH: ~/bin/
PATH: /usr/local/opt/openssl/bin/
PATH: /usr/local/opt/llvm/bin/
PATH: /opt/local/bin/
PATH: /opt/local/sbin/
PATH: /usr/local/sbin/
PATH: /usr/local/opt/sbin/
PATH: /usr/local/Cellar/gsl/2.6/include/gsl/
PATH: /usr/local/Cellar/glib/2.66.7/include/glib-2.0/
PATH: /usr/local/Cellar/cmockery/
PATH: /usr/local/Cellar/cmockery/0.1.2/include/google/
PATH: /Users/alex/tech/lib/
PATH: /usr/local/Cellar/libxlsxwriter/1.1.4/include/
PATH: /opt/local/
PATH: /opt/local/
PATH: /opt/local/libexec/llvm-15/bin/
PATH: /usr/local/include/
PATH: /Users/alex/tech/root/include/openssl/
PATH: /usr/local/Cellar/libwebsockets/include/
PATH: /opt/local/include/
PATH: /usr/local/Cellar/libxlsxwriter/1.1.4/include/
PATH: /usr/local/include/
PATH: ~/bin/
PATH: /usr/local/opt/openssl/bin/
PATH: /usr/local/opt/llvm-15/bin/
PATH: /opt/local/bin/
PATH: /opt/local/sbin/
PATH: /usr/local/sbin/
PATH: /usr/local/opt/sbin/
PATH: /usr/local/opt/curl/bin/
PATH: /usr/local/Cellar/gcc/12.1.0_2/
PATH: /usr/local/Cellar/gsl/2.6/include/gsl/
PATH: /usr/local/Cellar/glib/2.66.7/include/glib-2.0/
PATH: /usr/local/Cellar/libxlsxwriter/1.1.4/include/
PATH: /usr/local/include/
PATH: ~/bin/
PATH: /usr/local/opt/openssl/bin/
PATH: /usr/local/opt/llvm-15/bin/
PATH: /opt/local/bin/
PATH: /opt/local/sbin/
PATH: /usr/local/sbin/
PATH: /usr/local/opt/sbin/
PATH: /usr/local/opt/curl/bin/
PATH: /usr/local/Cellar/gcc/12.1.0_2/
PATH: /usr/local/Cellar/gsl/2.6/include/gsl/
PATH: /usr/local/Cellar/glib/2.66.7/include/glib-2.0/
PATH: /usr/local/Cellar/libxlsxwriter/1.1.4/include/
PATH: /Users/alex/.cargo/bin/
PATH: /usr/local/Cellar/gtk+3/3.24.34/lib/
PATH: /usr/local/Cellar/gtk+3/3.24.34/include/
PATH: /Users/alex/tech/root/include/openssl/
PATH: ~/bin/
PATH: /usr/local/opt/openssl/bin/
PATH: /usr/local/opt/llvm/bin/
PATH: /opt/local/bin/
PATH: /opt/local/sbin/
PATH: /usr/local/sbin/
PATH: /usr/local/opt/sbin/
PATH: /usr/local/Cellar/gsl/2.6/include/gsl/
PATH: /usr/local/Cellar/glib/2.66.7/include/glib-2.0/
PATH: /usr/local/Cellar/cmockery/
PATH: /usr/local/Cellar/cmockery/0.1.2/include/google/
PATH: /Users/alex/tech/lib/
PATH: /usr/local/Cellar/libxlsxwriter/1.1.4/include/
PATH: /opt/local/


## ----------- ##
## Core tests. ##
## ----------- ##

configure:2098: looking for aux files: missing install-sh compile
configure:2111:  trying ./
configure:2111:  trying ./../
configure:2140:   ./../missing found
configure:2122:   ./../install-sh found
configure:2140:   ./../compile found
configure:2315: checking for gcc
configure:2347: result: /opt/local/libexec/llvm-15/bin/clang
configure:2700: checking for C compiler version
configure:2709: /opt/local/libexec/llvm-15/bin/clang --version >&5
clang version 15.0.4
Target: x86_64-apple-darwin17.7.0
Thread model: posix
InstalledDir: /opt/local/libexec/llvm-15/bin
configure:2720: $? = 0
configure:2709: /opt/local/libexec/llvm-15/bin/clang -v >&5
clang version 15.0.4
Target: x86_64-apple-darwin17.7.0
Thread model: posix
InstalledDir: /opt/local/libexec/llvm-15/bin
configure:2720: $? = 0
configure:2709: /opt/local/libexec/llvm-15/bin/clang -V >&5
clang: error: argument to '-V' is missing (expected 1 value)
clang: error: no input files
configure:2720: $? = 1
configure:2709: /opt/local/libexec/llvm-15/bin/clang -qversion >&5
clang: error: unknown argument '-qversion'; did you mean '--version'?
clang: error: no input files
configure:2720: $? = 1
configure:2709: /opt/local/libexec/llvm-15/bin/clang -version >&5
clang: error: unknown argument '-version'; did you mean '--version'?
clang: error: no input files
configure:2720: $? = 1
configure:2740: checking whether the C compiler works
configure:2762: /opt/local/libexec/llvm-15/bin/clang -I/Users/alex/tech/root/include/openssl -I/usr/local/opt/llvm/include -I/Users/alex/tech/include/ -I/Users/alex/tech/root/include/openssl -I/usr/local/opt/binutils/include -I/usr/local/opt/curl/include -I/Users/alex/tech/lib -I/opt/local/include -I/usr/local/Cellar/libxlsxwriter/1.1.4/include -I/usr/local/Cellar/wxwidgets/3.2.1/include/wx-3.2 -I/opt/local -I/opt/local/include -I/opt/local -I/opt/local/libexec/llvm-15/include -L/opt/local/libexec/llvm-15/lib -L/opt/local/lib conftest.c  >&5
configure:2766: $? = 0
configure:2816: result: yes
configure:2819: checking for C compiler default output file name
configure:2821: result: a.out
configure:2827: checking for suffix of executables
configure:2834: /opt/local/libexec/llvm-15/bin/clang -o conftest -I/Users/alex/tech/root/include/openssl -I/usr/local/opt/llvm/include -I/Users/alex/tech/include/ -I/Users/alex/tech/root/include/openssl -I/usr/local/opt/binutils/include -I/usr/local/opt/curl/include -I/Users/alex/tech/lib -I/opt/local/include -I/usr/local/Cellar/libxlsxwriter/1.1.4/include -I/usr/local/Cellar/wxwidgets/3.2.1/include/wx-3.2 -I/opt/local -I/opt/local/include -I/opt/local -I/opt/local/libexec/llvm-15/include -L/opt/local/libexec/llvm-15/lib -L/opt/local/lib conftest.c  >&5
configure:2838: $? = 0
configure:2861: result: 
configure:2883: checking whether we are cross compiling
configure:2891: /opt/local/libexec/llvm-15/bin/clang -o conftest -I/Users/alex/tech/root/include/openssl -I/usr/local/opt/llvm/include -I/Users/alex/tech/include/ -I/Users/alex/tech/root/include/openssl -I/usr/local/opt/binutils/include -I/usr/local/opt/curl/include -I/Users/alex/tech/lib -I/opt/local/include -I/usr/local/Cellar/libxlsxwriter/1.1.4/include -I/usr/local/Cellar/wxwidgets/3.2.1/include/wx-3.2 -I/opt/local -I/opt/local/include -I/opt/local -I/opt/local/libexec/llvm-15/include -L/opt/local/libexec/llvm-15/lib -L/opt/local/lib conftest.c  >&5
configure:2895: $? = 0
configure:2902: ./conftest
configure:2906: $? = 0
configure:2921: result: no
configure:2926: checking for suffix of object files
configure:2949: /opt/local/libexec/llvm-15/bin/clang -c -I/Users/alex/tech/root/include/openssl -I/usr/local/opt/llvm/include -I/Users/alex/tech/include/ -I/Users/alex/tech/root/include/openssl -I/usr/local/opt/binutils/include -I/usr/local/opt/curl/include -I/Users/alex/tech/lib -I/opt/local/include -I/usr/local/Cellar/libxlsxwriter/1.1.4/include -I/usr/local/Cellar/wxwidgets/3.2.1/include/wx-3.2 -I/opt/local -I/opt/local/include -I/opt/local -I/opt/local/libexec/llvm-15/include conftest.c >&5
configure:2953: $? = 0
configure:2975: result: o
configure:2979: checking whether the compiler supports GNU C
configure:2999: /opt/local/libexec/llvm-15/bin/clang -c -I/Users/alex/tech/root/include/openssl -I/usr/local/opt/llvm/include -I/Users/alex/tech/include/ -I/Users/alex/tech/root/include/openssl -I/usr/local/opt/binutils/include -I/usr/local/opt/curl/include -I/Users/alex/tech/lib -I/opt/local/include -I/usr/local/Cellar/libxlsxwriter/1.1.4/include -I/usr/local/Cellar/wxwidgets/3.2.1/include/wx-3.2 -I/opt/local -I/opt/local/include -I/opt/local -I/opt/local/libexec/llvm-15/include conftest.c >&5
configure:2999: $? = 0
configure:3009: result: yes
configure:3020: checking whether /opt/local/libexec/llvm-15/bin/clang accepts -g
configure:3041: /opt/local/libexec/llvm-15/bin/clang -c -g -I/opt/local/libexec/llvm-15/include conftest.c >&5
configure:3041: $? = 0
configure:3085: result: yes
configure:3105: checking for /opt/local/libexec/llvm-15/bin/clang option to enable C11 features
configure:3120: /opt/local/libexec/llvm-15/bin/clang  -c -I/Users/alex/tech/root/include/openssl -I/usr/local/opt/llvm/include -I/Users/alex/tech/include/ -I/Users/alex/tech/root/include/openssl -I/usr/local/opt/binutils/include -I/usr/local/opt/curl/include -I/Users/alex/tech/lib -I/opt/local/include -I/usr/local/Cellar/libxlsxwriter/1.1.4/include -I/usr/local/Cellar/wxwidgets/3.2.1/include/wx-3.2 -I/opt/local -I/opt/local/include -I/opt/local -I/opt/local/libexec/llvm-15/include conftest.c >&5
conftest.c:23:14: warning: a function definition without a prototype is deprecated in all versions of C and is not supported in C2x [-Wdeprecated-non-prototype]
static char *e (p, i)
             ^
1 warning generated.
configure:3120: $? = 0
configure:3138: result: none needed
configure:3259: checking whether /opt/local/libexec/llvm-15/bin/clang understands -c and -o together
configure:3282: /opt/local/libexec/llvm-15/bin/clang -c conftest.c -o conftest2.o
configure:3285: $? = 0
configure:3282: /opt/local/libexec/llvm-15/bin/clang -c conftest.c -o conftest2.o
configure:3285: $? = 0
configure:3297: result: yes
configure:3339: checking for a BSD-compatible install
configure:3412: result: /usr/bin/install -c
configure:3423: checking whether build environment is sane
configure:3478: result: yes
configure:3633: checking for a race-free mkdir -p
configure:3677: result: ./../install-sh -c -d
configure:3684: checking for gawk
configure:3719: result: no
configure:3684: checking for mawk
configure:3719: result: no
configure:3684: checking for nawk
configure:3719: result: no
configure:3684: checking for awk
configure:3705: found /usr/bin/awk
configure:3716: result: awk
configure:3727: checking whether make sets $(MAKE)
configure:3750: result: yes
configure:3772: checking whether make supports the include directive
configure:3787: make -f confmf.GNU && cat confinc.out
this is the am__doit target
configure:3790: $? = 0
configure:3809: result: yes (GNU style)
configure:3844: checking whether make supports nested variables
configure:3862: result: yes
configure:3943: checking dependency style of /opt/local/libexec/llvm-15/bin/clang
configure:4055: result: gcc3
configure:4274: checking that generated files are newer than configure
configure:4280: result: done
configure:4303: creating ./config.status

## ---------------------- ##
## Running config.status. ##
## ---------------------- ##

This file was extended by FULL-PACKAGE-NAME config.status VERSION, which was
generated by GNU Autoconf 2.71.  Invocation command line was

  CONFIG_FILES    = 
  CONFIG_HEADERS  = 
  CONFIG_LINKS    = 
  CONFIG_COMMANDS = 
  $ ./config.status 

on mac.local

config.status:771: creating Makefile
config.status:943: executing depfiles commands
config.status:1020: cd .       && sed -e '/# am--include-marker/d' Makefile         | make -f - am--depfiles
make: Nothing to be done for `am--depfiles'.
config.status:1025: $? = 0

## ---------------- ##
## Cache variables. ##
## ---------------- ##

ac_cv_c_compiler_gnu=yes
ac_cv_env_CC_set=set
ac_cv_env_CC_value=/opt/local/libexec/llvm-15/bin/clang
ac_cv_env_CFLAGS_set=set
ac_cv_env_CFLAGS_value='-I/Users/alex/tech/root/include/openssl -I/usr/local/opt/llvm/include -I/Users/alex/tech/include/ -I/Users/alex/tech/root/include/openssl -I/usr/local/opt/binutils/include -I/usr/local/opt/curl/include -I/Users/alex/tech/lib -I/opt/local/include -I/usr/local/Cellar/libxlsxwriter/1.1.4/include -I/usr/local/Cellar/wxwidgets/3.2.1/include/wx-3.2 -I/opt/local -I/opt/local/include -I/opt/local'
ac_cv_env_CPPFLAGS_set=set
ac_cv_env_CPPFLAGS_value=-I/opt/local/libexec/llvm-15/include
ac_cv_env_LDFLAGS_set=set
ac_cv_env_LDFLAGS_value='-L/opt/local/libexec/llvm-15/lib -L/opt/local/lib'
ac_cv_env_LIBS_set=
ac_cv_env_LIBS_value=
ac_cv_env_build_alias_set=
ac_cv_env_build_alias_value=
ac_cv_env_host_alias_set=
ac_cv_env_host_alias_value=
ac_cv_env_target_alias_set=
ac_cv_env_target_alias_value=
ac_cv_objext=o
ac_cv_path_install='/usr/bin/install -c'
ac_cv_prog_AWK=awk
ac_cv_prog_ac_ct_CC=/opt/local/libexec/llvm-15/bin/clang
ac_cv_prog_cc_c11=
ac_cv_prog_cc_g=yes
ac_cv_prog_cc_stdc=
ac_cv_prog_make_make_set=yes
am_cv_CC_dependencies_compiler_type=gcc3
am_cv_make_support_nested_variables=yes
am_cv_prog_cc_c_o=yes

## ----------------- ##
## Output variables. ##
## ----------------- ##

ACLOCAL='${SHELL} '\''/Users/alex/dev/parcurs/SCRATCH/RELEASE/asm/auto/missing'\'' aclocal-1.16'
AMDEPBACKSLASH='\'
AMDEP_FALSE='#'
AMDEP_TRUE=''
AMTAR='$${TAR-tar}'
AM_BACKSLASH='\'
AM_DEFAULT_V='$(AM_DEFAULT_VERBOSITY)'
AM_DEFAULT_VERBOSITY='1'
AM_V='$(V)'
AUTOCONF='${SHELL} '\''/Users/alex/dev/parcurs/SCRATCH/RELEASE/asm/auto/missing'\'' autoconf'
AUTOHEADER='${SHELL} '\''/Users/alex/dev/parcurs/SCRATCH/RELEASE/asm/auto/missing'\'' autoheader'
AUTOMAKE='${SHELL} '\''/Users/alex/dev/parcurs/SCRATCH/RELEASE/asm/auto/missing'\'' automake-1.16'
AWK='awk'
CC='/opt/local/libexec/llvm-15/bin/clang'
CCDEPMODE='depmode=gcc3'
CFLAGS='-I/Users/alex/tech/root/include/openssl -I/usr/local/opt/llvm/include -I/Users/alex/tech/include/ -I/Users/alex/tech/root/include/openssl -I/usr/local/opt/binutils/include -I/usr/local/opt/curl/include -I/Users/alex/tech/lib -I/opt/local/include -I/usr/local/Cellar/libxlsxwriter/1.1.4/include -I/usr/local/Cellar/wxwidgets/3.2.1/include/wx-3.2 -I/opt/local -I/opt/local/include -I/opt/local'
CPPFLAGS='-I/opt/local/libexec/llvm-15/include'
CSCOPE='cscope'
CTAGS='ctags'
CYGPATH_W='echo'
DEFS='-DPACKAGE_NAME=\"FULL-PACKAGE-NAME\" -DPACKAGE_TARNAME=\"full-package-name\" -DPACKAGE_VERSION=\"VERSION\" -DPACKAGE_STRING=\"FULL-PACKAGE-NAME\ VERSION\" -DPACKAGE_BUGREPORT=\"BUG-REPORT-ADDRESS\" -DPACKAGE_URL=\"\" -DPACKAGE=\"full-package-name\" -DVERSION=\"VERSION\"'
DEPDIR='.deps'
ECHO_C='\c'
ECHO_N=''
ECHO_T=''
ETAGS='etags'
EXEEXT=''
INSTALL_DATA='${INSTALL} -m 644'
INSTALL_PROGRAM='${INSTALL}'
INSTALL_SCRIPT='${INSTALL}'
INSTALL_STRIP_PROGRAM='$(install_sh) -c -s'
LDFLAGS='-L/opt/local/libexec/llvm-15/lib -L/opt/local/lib'
LIBOBJS=''
LIBS=''
LTLIBOBJS=''
MAKEINFO='${SHELL} '\''/Users/alex/dev/parcurs/SCRATCH/RELEASE/asm/auto/missing'\'' makeinfo'
MKDIR_P='./../install-sh -c -d'
OBJEXT='o'
PACKAGE='full-package-name'
PACKAGE_BUGREPORT='BUG-REPORT-ADDRESS'
PACKAGE_NAME='FULL-PACKAGE-NAME'
PACKAGE_STRING='FULL-PACKAGE-NAME VERSION'
PACKAGE_TARNAME='full-package-name'
PACKAGE_URL=''
PACKAGE_VERSION='VERSION'
PATH_SEPARATOR=':'
SET_MAKE=''
SHELL='/bin/sh'
STRIP=''
VERSION='VERSION'
ac_ct_CC='/opt/local/libexec/llvm-15/bin/clang'
am__EXEEXT_FALSE=''
am__EXEEXT_TRUE='#'
am__fastdepCC_FALSE='#'
am__fastdepCC_TRUE=''
am__include='include'
am__isrc=''
am__leading_dot='.'
am__nodep='_no'
am__quote=''
am__tar='$${TAR-tar} chof - "$$tardir"'
am__untar='$${TAR-tar} xf -'
bindir='${exec_prefix}/bin'
build_alias=''
datadir='${datarootdir}'
datarootdir='${prefix}/share'
docdir='${datarootdir}/doc/${PACKAGE_TARNAME}'
dvidir='${docdir}'
exec_prefix='${prefix}'
host_alias=''
htmldir='${docdir}'
includedir='${prefix}/include'
infodir='${datarootdir}/info'
install_sh='${SHELL} /Users/alex/dev/parcurs/SCRATCH/RELEASE/asm/auto/install-sh'
libdir='${exec_prefix}/lib'
libexecdir='${exec_prefix}/libexec'
localedir='${datarootdir}/locale'
localstatedir='${prefix}/var'
mandir='${datarootdir}/man'
mkdir_p='$(MKDIR_P)'
oldincludedir='/usr/include'
pdfdir='${docdir}'
prefix='/Users/alex/dev/parcurs/SCRATCH/RELEASE/asm/auto2/bin'
program_transform_name='s,x,x,'
psdir='${docdir}'
runstatedir='${localstatedir}/run'
sbindir='${exec_prefix}/sbin'
sharedstatedir='${prefix}/com'
sysconfdir='${prefix}/etc'
target_alias=''

## ----------- ##
## confdefs.h. ##
## ----------- ##

/* confdefs.h */
#define PACKAGE_NAME "FULL-PACKAGE-NAME"
#define PACKAGE_TARNAME "full-package-name"
#define PACKAGE_VERSION "VERSION"
#define PACKAGE_STRING "FULL-PACKAGE-NAME VERSION"
#define PACKAGE_BUGREPORT "BUG-REPORT-ADDRESS"
#define PACKAGE_URL ""
#define PACKAGE "full-package-name"
#define VERSION "VERSION"

configure: exit 0
