This file contains any messages produced by compilers while
running configure, to aid debugging if configure makes a mistake.

It was created by FULL-PACKAGE-NAME configure VERSION, which was
generated by GNU Autoconf 2.71.  Invocation command line was

  $ ./configure

## --------- ##
## Platform. ##
## --------- ##

hostname = mac.local
uname -m = x86_64
uname -r = 17.7.0
uname -s = Darwin
uname -v = Darwin Kernel Version 17.7.0: Fri Oct 30 13:34:27 PDT 2020; root:xnu-4570.71.82.8~1/RELEASE_X86_64

/usr/bin/uname -p = i386
/bin/uname -X     = unknown

/bin/arch              = unknown
/usr/bin/arch -k       = unknown
/usr/convex/getsysinfo = unknown
/usr/bin/hostinfo      = Mach kernel version:
	 Darwin Kernel Version 17.7.0: Fri Oct 30 13:34:27 PDT 2020; root:xnu-4570.71.82.8~1/RELEASE_X86_64
Kernel configured for up to 4 processors.
2 processors are physically available.
4 processors are logically available.
Processor type: i486 (Intel 80486)
Processors active: 0 1 2 3
Primary memory available: 8.00 gigabytes
Default processor set: 364 tasks, 1458 threads, 4 processors
Load average: 1.75, Mach factor: 2.24
/bin/machine           = unknown
/usr/bin/oslevel       = unknown
/bin/universe          = unknown

PATH: /Applications/CMake.app/Contents/bin/
PATH: /usr/local/bin/python3/
PATH: /opt/local/libexec/llvm-15/bin/
PATH: /usr/local/opt/libiconv/bin/
PATH: /usr/local/opt/ruby/bin/
PATH: /usr/local/include/
PATH: /opt/local/
PATH: /usr/local/opt/openssl@1.1/bin/
PATH: /Applications/CMake.app/Contents/bin/
PATH: /usr/local/bin/python3/
PATH: /opt/local/libexec/llvm-15/bin/
PATH: /usr/local/opt/libiconv/bin/
PATH: /usr/local/opt/ruby/bin/
PATH: /usr/local/include/
PATH: /opt/local/
PATH: /usr/local/opt/openssl@1.1/bin/
PATH: /Applications/CMake.app/Contents/bin/
PATH: /usr/local/bin/python3/
PATH: /opt/local/libexec/llvm-15/bin/
PATH: /usr/local/opt/libiconv/bin/
PATH: /usr/local/opt/ruby/bin/
PATH: /usr/local/include/
PATH: /opt/local/
PATH: /usr/local/opt/openssl@1.1/bin/
PATH: /Users/alex/bin/
PATH: /usr/local/bin/
PATH: /opt/local/
PATH: /Applications/CMake.app/Contents/bin/
PATH: /usr/local/bin/python3/
PATH: /opt/local/libexec/llvm-15/bin/
PATH: /usr/local/opt/libiconv/bin/
PATH: /usr/local/opt/ruby/bin/
PATH: /usr/local/include/
PATH: /opt/local/
PATH: /usr/local/opt/openssl@1.1/bin/
PATH: /usr/local/bin/
PATH: /usr/bin/
PATH: /bin/
PATH: /usr/sbin/
PATH: /sbin/
PATH: /usr/local/opt/
PATH: /usr/local/opt/fzf/bin/
PATH: /opt/local/
PATH: /opt/local/libexec/llvm-15/bin/
PATH: /usr/local/include/
PATH: /Users/alex/tech/root/include/openssl/
PATH: /usr/local/Cellar/libwebsockets/include/
PATH: /opt/local/include/
PATH: /usr/local/Cellar/libxlsxwriter/1.1.4/include/
PATH: /usr/local/include/
PATH: ~/bin/
PATH: /usr/local/opt/openssl/bin/
PATH: /usr/local/opt/llvm-15/bin/
PATH: /opt/local/bin/
PATH: /opt/local/sbin/
PATH: /usr/local/sbin/
PATH: /usr/local/opt/sbin/
PATH: /usr/local/opt/curl/bin/
PATH: /usr/local/Cellar/gcc/12.1.0_2/
PATH: /usr/local/Cellar/gsl/2.6/include/gsl/
PATH: /usr/local/Cellar/glib/2.66.7/include/glib-2.0/
PATH: /usr/local/Cellar/libxlsxwriter/1.1.4/include/
PATH: /usr/local/include/
PATH: ~/bin/
PATH: /usr/local/opt/openssl/bin/
PATH: /usr/local/opt/llvm-15/bin/
PATH: /opt/local/bin/
PATH: /opt/local/sbin/
PATH: /usr/local/sbin/
PATH: /usr/local/opt/sbin/
PATH: /usr/local/opt/curl/bin/
PATH: /usr/local/Cellar/gcc/12.1.0_2/
PATH: /usr/local/Cellar/gsl/2.6/include/gsl/
PATH: /usr/local/Cellar/glib/2.66.7/include/glib-2.0/
PATH: /usr/local/Cellar/libxlsxwriter/1.1.4/include/
PATH: /Users/alex/.cargo/bin/
PATH: /usr/local/Cellar/gtk+3/3.24.34/lib/
PATH: /usr/local/Cellar/gtk+3/3.24.34/include/
PATH: /Users/alex/tech/root/include/openssl/
PATH: ~/bin/
PATH: /usr/local/opt/openssl/bin/
PATH: /usr/local/opt/llvm/bin/
PATH: /opt/local/bin/
PATH: /opt/local/sbin/
PATH: /usr/local/sbin/
PATH: /usr/local/opt/sbin/
PATH: /usr/local/Cellar/gsl/2.6/include/gsl/
PATH: /usr/local/Cellar/glib/2.66.7/include/glib-2.0/
PATH: /usr/local/Cellar/cmockery/
PATH: /usr/local/Cellar/cmockery/0.1.2/include/google/
PATH: /Users/alex/tech/lib/
PATH: /usr/local/Cellar/libxlsxwriter/1.1.4/include/
PATH: /opt/local/
PATH: /opt/local/
PATH: /opt/local/libexec/llvm-15/bin/
PATH: /usr/local/include/
PATH: /Users/alex/tech/root/include/openssl/
PATH: /usr/local/Cellar/libwebsockets/include/
PATH: /opt/local/include/
PATH: /usr/local/Cellar/libxlsxwriter/1.1.4/include/
PATH: /usr/local/include/
PATH: ~/bin/
PATH: /usr/local/opt/openssl/bin/
PATH: /usr/local/opt/llvm-15/bin/
PATH: /opt/local/bin/
PATH: /opt/local/sbin/
PATH: /usr/local/sbin/
PATH: /usr/local/opt/sbin/
PATH: /usr/local/opt/curl/bin/
PATH: /usr/local/Cellar/gcc/12.1.0_2/
PATH: /usr/local/Cellar/gsl/2.6/include/gsl/
PATH: /usr/local/Cellar/glib/2.66.7/include/glib-2.0/
PATH: /usr/local/Cellar/libxlsxwriter/1.1.4/include/
PATH: /usr/local/include/
PATH: ~/bin/
PATH: /usr/local/opt/openssl/bin/
PATH: /usr/local/opt/llvm-15/bin/
PATH: /opt/local/bin/
PATH: /opt/local/sbin/
PATH: /usr/local/sbin/
PATH: /usr/local/opt/sbin/
PATH: /usr/local/opt/curl/bin/
PATH: /usr/local/Cellar/gcc/12.1.0_2/
PATH: /usr/local/Cellar/gsl/2.6/include/gsl/
PATH: /usr/local/Cellar/glib/2.66.7/include/glib-2.0/
PATH: /usr/local/Cellar/libxlsxwriter/1.1.4/include/
PATH: /Users/alex/.cargo/bin/
PATH: /usr/local/Cellar/gtk+3/3.24.34/lib/
PATH: /usr/local/Cellar/gtk+3/3.24.34/include/
PATH: /Users/alex/tech/root/include/openssl/
PATH: ~/bin/
PATH: /usr/local/opt/openssl/bin/
PATH: /usr/local/opt/llvm/bin/
PATH: /opt/local/bin/
PATH: /opt/local/sbin/
PATH: /usr/local/sbin/
PATH: /usr/local/opt/sbin/
PATH: /usr/local/Cellar/gsl/2.6/include/gsl/
PATH: /usr/local/Cellar/glib/2.66.7/include/glib-2.0/
PATH: /usr/local/Cellar/cmockery/
PATH: /usr/local/Cellar/cmockery/0.1.2/include/google/
PATH: /Users/alex/tech/lib/
PATH: /usr/local/Cellar/libxlsxwriter/1.1.4/include/
PATH: /opt/local/
PATH: /opt/local/
PATH: /opt/local/libexec/llvm-15/bin/
PATH: /usr/local/include/
PATH: /Users/alex/tech/root/include/openssl/
PATH: /usr/local/Cellar/libwebsockets/include/
PATH: /opt/local/include/
PATH: /usr/local/Cellar/libxlsxwriter/1.1.4/include/
PATH: /usr/local/include/
PATH: ~/bin/
PATH: /usr/local/opt/openssl/bin/
PATH: /usr/local/opt/llvm-15/bin/
PATH: /opt/local/bin/
PATH: /opt/local/sbin/
PATH: /usr/local/sbin/
PATH: /usr/local/opt/sbin/
PATH: /usr/local/opt/curl/bin/
PATH: /usr/local/Cellar/gcc/12.1.0_2/
PATH: /usr/local/Cellar/gsl/2.6/include/gsl/
PATH: /usr/local/Cellar/glib/2.66.7/include/glib-2.0/
PATH: /usr/local/Cellar/libxlsxwriter/1.1.4/include/
PATH: /usr/local/include/
PATH: ~/bin/
PATH: /usr/local/opt/openssl/bin/
PATH: /usr/local/opt/llvm-15/bin/
PATH: /opt/local/bin/
PATH: /opt/local/sbin/
PATH: /usr/local/sbin/
PATH: /usr/local/opt/sbin/
PATH: /usr/local/opt/curl/bin/
PATH: /usr/local/Cellar/gcc/12.1.0_2/
PATH: /usr/local/Cellar/gsl/2.6/include/gsl/
PATH: /usr/local/Cellar/glib/2.66.7/include/glib-2.0/
PATH: /usr/local/Cellar/libxlsxwriter/1.1.4/include/
PATH: /Users/alex/.cargo/bin/
PATH: /usr/local/Cellar/gtk+3/3.24.34/lib/
PATH: /usr/local/Cellar/gtk+3/3.24.34/include/
PATH: /Users/alex/tech/root/include/openssl/
PATH: ~/bin/
PATH: /usr/local/opt/openssl/bin/
PATH: /usr/local/opt/llvm/bin/
PATH: /opt/local/bin/
PATH: /opt/local/sbin/
PATH: /usr/local/sbin/
PATH: /usr/local/opt/sbin/
PATH: /usr/local/Cellar/gsl/2.6/include/gsl/
PATH: /usr/local/Cellar/glib/2.66.7/include/glib-2.0/
PATH: /usr/local/Cellar/cmockery/
PATH: /usr/local/Cellar/cmockery/0.1.2/include/google/
PATH: /Users/alex/tech/lib/
PATH: /usr/local/Cellar/libxlsxwriter/1.1.4/include/
PATH: /opt/local/
PATH: /opt/local/
PATH: /opt/local/libexec/llvm-15/bin/
PATH: /usr/local/include/
PATH: /Users/alex/tech/root/include/openssl/
PATH: /usr/local/Cellar/libwebsockets/include/
PATH: /opt/local/include/
PATH: /usr/local/Cellar/libxlsxwriter/1.1.4/include/
PATH: /usr/local/include/
PATH: ~/bin/
PATH: /usr/local/opt/openssl/bin/
PATH: /usr/local/opt/llvm-15/bin/
PATH: /opt/local/bin/
PATH: /opt/local/sbin/
PATH: /usr/local/sbin/
PATH: /usr/local/opt/sbin/
PATH: /usr/local/opt/curl/bin/
PATH: /usr/local/Cellar/gcc/12.1.0_2/
PATH: /usr/local/Cellar/gsl/2.6/include/gsl/
PATH: /usr/local/Cellar/glib/2.66.7/include/glib-2.0/
PATH: /usr/local/Cellar/libxlsxwriter/1.1.4/include/
PATH: /usr/local/include/
PATH: ~/bin/
PATH: /usr/local/opt/openssl/bin/
PATH: /usr/local/opt/llvm-15/bin/
PATH: /opt/local/bin/
PATH: /opt/local/sbin/
PATH: /usr/local/sbin/
PATH: /usr/local/opt/sbin/
PATH: /usr/local/opt/curl/bin/
PATH: /usr/local/Cellar/gcc/12.1.0_2/
PATH: /usr/local/Cellar/gsl/2.6/include/gsl/
PATH: /usr/local/Cellar/glib/2.66.7/include/glib-2.0/
PATH: /usr/local/Cellar/libxlsxwriter/1.1.4/include/
PATH: /Users/alex/.cargo/bin/
PATH: /usr/local/Cellar/gtk+3/3.24.34/lib/
PATH: /usr/local/Cellar/gtk+3/3.24.34/include/
PATH: /Users/alex/tech/root/include/openssl/
PATH: ~/bin/
PATH: /usr/local/opt/openssl/bin/
PATH: /usr/local/opt/llvm/bin/
PATH: /opt/local/bin/
PATH: /opt/local/sbin/
PATH: /usr/local/sbin/
PATH: /usr/local/opt/sbin/
PATH: /usr/local/Cellar/gsl/2.6/include/gsl/
PATH: /usr/local/Cellar/glib/2.66.7/include/glib-2.0/
PATH: /usr/local/Cellar/cmockery/
PATH: /usr/local/Cellar/cmockery/0.1.2/include/google/
PATH: /Users/alex/tech/lib/
PATH: /usr/local/Cellar/libxlsxwriter/1.1.4/include/
PATH: /opt/local/


## ----------- ##
## Core tests. ##
## ----------- ##

configure:2146: looking for aux files: missing install-sh compile
configure:2159:  trying ./
configure:2188:   ./missing found
configure:2170:   ./install-sh found
configure:2188:   ./compile found
configure:2367: checking for gcc
configure:2399: result: /opt/local/libexec/llvm-15/bin/clang
configure:2752: checking for C compiler version
configure:2761: /opt/local/libexec/llvm-15/bin/clang --version >&5
clang version 15.0.4
Target: x86_64-apple-darwin17.7.0
Thread model: posix
InstalledDir: /opt/local/libexec/llvm-15/bin
configure:2772: $? = 0
configure:2761: /opt/local/libexec/llvm-15/bin/clang -v >&5
clang version 15.0.4
Target: x86_64-apple-darwin17.7.0
Thread model: posix
InstalledDir: /opt/local/libexec/llvm-15/bin
configure:2772: $? = 0
configure:2761: /opt/local/libexec/llvm-15/bin/clang -V >&5
clang: error: argument to '-V' is missing (expected 1 value)
clang: error: no input files
configure:2772: $? = 1
configure:2761: /opt/local/libexec/llvm-15/bin/clang -qversion >&5
clang: error: unknown argument '-qversion'; did you mean '--version'?
clang: error: no input files
configure:2772: $? = 1
configure:2761: /opt/local/libexec/llvm-15/bin/clang -version >&5
clang: error: unknown argument '-version'; did you mean '--version'?
clang: error: no input files
configure:2772: $? = 1
configure:2792: checking whether the C compiler works
configure:2814: /opt/local/libexec/llvm-15/bin/clang -I/Users/alex/tech/root/include/openssl -I/usr/local/opt/llvm/include -I/Users/alex/tech/include/ -I/Users/alex/tech/root/include/openssl -I/usr/local/opt/binutils/include -I/usr/local/opt/curl/include -I/Users/alex/tech/lib -I/opt/local/include -I/usr/local/Cellar/libxlsxwriter/1.1.4/include -I/usr/local/Cellar/wxwidgets/3.2.1/include/wx-3.2 -I/opt/local -I/opt/local/include -I/opt/local -I/opt/local/libexec/llvm-15/include -L/opt/local/libexec/llvm-15/lib -L/opt/local/lib conftest.c  >&5
configure:2818: $? = 0
configure:2868: result: yes
configure:2871: checking for C compiler default output file name
configure:2873: result: a.out
configure:2879: checking for suffix of executables
configure:2886: /opt/local/libexec/llvm-15/bin/clang -o conftest -I/Users/alex/tech/root/include/openssl -I/usr/local/opt/llvm/include -I/Users/alex/tech/include/ -I/Users/alex/tech/root/include/openssl -I/usr/local/opt/binutils/include -I/usr/local/opt/curl/include -I/Users/alex/tech/lib -I/opt/local/include -I/usr/local/Cellar/libxlsxwriter/1.1.4/include -I/usr/local/Cellar/wxwidgets/3.2.1/include/wx-3.2 -I/opt/local -I/opt/local/include -I/opt/local -I/opt/local/libexec/llvm-15/include -L/opt/local/libexec/llvm-15/lib -L/opt/local/lib conftest.c  >&5
configure:2890: $? = 0
configure:2913: result: 
configure:2935: checking whether we are cross compiling
configure:2943: /opt/local/libexec/llvm-15/bin/clang -o conftest -I/Users/alex/tech/root/include/openssl -I/usr/local/opt/llvm/include -I/Users/alex/tech/include/ -I/Users/alex/tech/root/include/openssl -I/usr/local/opt/binutils/include -I/usr/local/opt/curl/include -I/Users/alex/tech/lib -I/opt/local/include -I/usr/local/Cellar/libxlsxwriter/1.1.4/include -I/usr/local/Cellar/wxwidgets/3.2.1/include/wx-3.2 -I/opt/local -I/opt/local/include -I/opt/local -I/opt/local/libexec/llvm-15/include -L/opt/local/libexec/llvm-15/lib -L/opt/local/lib conftest.c  >&5
configure:2947: $? = 0
configure:2954: ./conftest
configure:2958: $? = 0
configure:2973: result: no
configure:2978: checking for suffix of object files
configure:3001: /opt/local/libexec/llvm-15/bin/clang -c -I/Users/alex/tech/root/include/openssl -I/usr/local/opt/llvm/include -I/Users/alex/tech/include/ -I/Users/alex/tech/root/include/openssl -I/usr/local/opt/binutils/include -I/usr/local/opt/curl/include -I/Users/alex/tech/lib -I/opt/local/include -I/usr/local/Cellar/libxlsxwriter/1.1.4/include -I/usr/local/Cellar/wxwidgets/3.2.1/include/wx-3.2 -I/opt/local -I/opt/local/include -I/opt/local -I/opt/local/libexec/llvm-15/include conftest.c >&5
configure:3005: $? = 0
configure:3027: result: o
configure:3031: checking whether the compiler supports GNU C
configure:3051: /opt/local/libexec/llvm-15/bin/clang -c -I/Users/alex/tech/root/include/openssl -I/usr/local/opt/llvm/include -I/Users/alex/tech/include/ -I/Users/alex/tech/root/include/openssl -I/usr/local/opt/binutils/include -I/usr/local/opt/curl/include -I/Users/alex/tech/lib -I/opt/local/include -I/usr/local/Cellar/libxlsxwriter/1.1.4/include -I/usr/local/Cellar/wxwidgets/3.2.1/include/wx-3.2 -I/opt/local -I/opt/local/include -I/opt/local -I/opt/local/libexec/llvm-15/include conftest.c >&5
configure:3051: $? = 0
configure:3061: result: yes
configure:3072: checking whether /opt/local/libexec/llvm-15/bin/clang accepts -g
configure:3093: /opt/local/libexec/llvm-15/bin/clang -c -g -I/opt/local/libexec/llvm-15/include conftest.c >&5
configure:3093: $? = 0
configure:3137: result: yes
configure:3157: checking for /opt/local/libexec/llvm-15/bin/clang option to enable C11 features
configure:3172: /opt/local/libexec/llvm-15/bin/clang  -c -I/Users/alex/tech/root/include/openssl -I/usr/local/opt/llvm/include -I/Users/alex/tech/include/ -I/Users/alex/tech/root/include/openssl -I/usr/local/opt/binutils/include -I/usr/local/opt/curl/include -I/Users/alex/tech/lib -I/opt/local/include -I/usr/local/Cellar/libxlsxwriter/1.1.4/include -I/usr/local/Cellar/wxwidgets/3.2.1/include/wx-3.2 -I/opt/local -I/opt/local/include -I/opt/local -I/opt/local/libexec/llvm-15/include conftest.c >&5
conftest.c:23:14: warning: a function definition without a prototype is deprecated in all versions of C and is not supported in C2x [-Wdeprecated-non-prototype]
static char *e (p, i)
             ^
1 warning generated.
configure:3172: $? = 0
configure:3190: result: none needed
configure:3311: checking whether /opt/local/libexec/llvm-15/bin/clang understands -c and -o together
configure:3334: /opt/local/libexec/llvm-15/bin/clang -c conftest.c -o conftest2.o
configure:3337: $? = 0
configure:3334: /opt/local/libexec/llvm-15/bin/clang -c conftest.c -o conftest2.o
configure:3337: $? = 0
configure:3349: result: yes
configure:3369: checking for SSL_library_init in -lssl
configure:3392: /opt/local/libexec/llvm-15/bin/clang -o conftest -I/Users/alex/tech/root/include/openssl -I/usr/local/opt/llvm/include -I/Users/alex/tech/include/ -I/Users/alex/tech/root/include/openssl -I/usr/local/opt/binutils/include -I/usr/local/opt/curl/include -I/Users/alex/tech/lib -I/opt/local/include -I/usr/local/Cellar/libxlsxwriter/1.1.4/include -I/usr/local/Cellar/wxwidgets/3.2.1/include/wx-3.2 -I/opt/local -I/opt/local/include -I/opt/local -I/opt/local/libexec/llvm-15/include -L/opt/local/libexec/llvm-15/lib -L/opt/local/lib conftest.c -lssl   >&5
Undefined symbols for architecture x86_64:
  "_SSL_library_init", referenced from:
      _main in conftest-ff745b.o
ld: symbol(s) not found for architecture x86_64
clang: error: linker command failed with exit code 1 (use -v to see invocation)
configure:3392: $? = 1
configure: failed program was:
| /* confdefs.h */
| #define PACKAGE_NAME "FULL-PACKAGE-NAME"
| #define PACKAGE_TARNAME "full-package-name"
| #define PACKAGE_VERSION "VERSION"
| #define PACKAGE_STRING "FULL-PACKAGE-NAME VERSION"
| #define PACKAGE_BUGREPORT "BUG-REPORT-ADDRESS"
| #define PACKAGE_URL ""
| /* end confdefs.h.  */
| 
| /* Override any GCC internal prototype to avoid an error.
|    Use char because int might match the return type of a GCC
|    builtin and then its argument prototype would still apply.  */
| char SSL_library_init ();
| int
| main (void)
| {
| return SSL_library_init ();
|   ;
|   return 0;
| }
configure:3402: result: no
configure:3437: checking for a BSD-compatible install
configure:3510: result: /usr/bin/install -c
configure:3521: checking whether build environment is sane
configure:3576: result: yes
configure:3731: checking for a race-free mkdir -p
configure:3775: result: ./install-sh -c -d
configure:3782: checking for gawk
configure:3817: result: no
configure:3782: checking for mawk
configure:3817: result: no
configure:3782: checking for nawk
configure:3817: result: no
configure:3782: checking for awk
configure:3803: found /usr/bin/awk
configure:3814: result: awk
configure:3825: checking whether make sets $(MAKE)
configure:3848: result: yes
configure:3870: checking whether make supports the include directive
configure:3885: make -f confmf.GNU && cat confinc.out
this is the am__doit target
configure:3888: $? = 0
configure:3907: result: yes (GNU style)
configure:3942: checking whether make supports nested variables
configure:3960: result: yes
configure:4041: checking dependency style of /opt/local/libexec/llvm-15/bin/clang
configure:4153: result: gcc3
configure:4336: checking that generated files are newer than configure
configure:4342: result: done
configure:4365: creating ./config.status

## ---------------------- ##
## Running config.status. ##
## ---------------------- ##

This file was extended by FULL-PACKAGE-NAME config.status VERSION, which was
generated by GNU Autoconf 2.71.  Invocation command line was

  CONFIG_FILES    = 
  CONFIG_HEADERS  = 
  CONFIG_LINKS    = 
  CONFIG_COMMANDS = 
  $ ./config.status 

on mac.local

config.status:838: creating Makefile
config.status:838: creating config.h
config.status:1019: config.h is unchanged
config.status:1067: executing depfiles commands
config.status:1144: cd .       && sed -e '/# am--include-marker/d' Makefile         | make -f - am--depfiles
make: Nothing to be done for `am--depfiles'.
config.status:1149: $? = 0

## ---------------- ##
## Cache variables. ##
## ---------------- ##

ac_cv_c_compiler_gnu=yes
ac_cv_env_CC_set=set
ac_cv_env_CC_value=/opt/local/libexec/llvm-15/bin/clang
ac_cv_env_CFLAGS_set=set
ac_cv_env_CFLAGS_value='-I/Users/alex/tech/root/include/openssl -I/usr/local/opt/llvm/include -I/Users/alex/tech/include/ -I/Users/alex/tech/root/include/openssl -I/usr/local/opt/binutils/include -I/usr/local/opt/curl/include -I/Users/alex/tech/lib -I/opt/local/include -I/usr/local/Cellar/libxlsxwriter/1.1.4/include -I/usr/local/Cellar/wxwidgets/3.2.1/include/wx-3.2 -I/opt/local -I/opt/local/include -I/opt/local'
ac_cv_env_CPPFLAGS_set=set
ac_cv_env_CPPFLAGS_value=-I/opt/local/libexec/llvm-15/include
ac_cv_env_LDFLAGS_set=set
ac_cv_env_LDFLAGS_value='-L/opt/local/libexec/llvm-15/lib -L/opt/local/lib'
ac_cv_env_LIBS_set=
ac_cv_env_LIBS_value=
ac_cv_env_build_alias_set=
ac_cv_env_build_alias_value=
ac_cv_env_host_alias_set=
ac_cv_env_host_alias_value=
ac_cv_env_target_alias_set=
ac_cv_env_target_alias_value=
ac_cv_lib_ssl_SSL_library_init=no
ac_cv_objext=o
ac_cv_path_install='/usr/bin/install -c'
ac_cv_prog_AWK=awk
ac_cv_prog_ac_ct_CC=/opt/local/libexec/llvm-15/bin/clang
ac_cv_prog_cc_c11=
ac_cv_prog_cc_g=yes
ac_cv_prog_cc_stdc=
ac_cv_prog_make_make_set=yes
am_cv_CC_dependencies_compiler_type=gcc3
am_cv_make_support_nested_variables=yes
am_cv_prog_cc_c_o=yes

## ----------------- ##
## Output variables. ##
## ----------------- ##

ACLOCAL='${SHELL} '\''/Users/alex/dev/parcurs/SCRATCH/RELEASE/asm/auto/missing'\'' aclocal-1.16'
AMDEPBACKSLASH='\'
AMDEP_FALSE='#'
AMDEP_TRUE=''
AMTAR='$${TAR-tar}'
AM_BACKSLASH='\'
AM_DEFAULT_V='$(AM_DEFAULT_VERBOSITY)'
AM_DEFAULT_VERBOSITY='1'
AM_V='$(V)'
AUTOCONF='${SHELL} '\''/Users/alex/dev/parcurs/SCRATCH/RELEASE/asm/auto/missing'\'' autoconf'
AUTOHEADER='${SHELL} '\''/Users/alex/dev/parcurs/SCRATCH/RELEASE/asm/auto/missing'\'' autoheader'
AUTOMAKE='${SHELL} '\''/Users/alex/dev/parcurs/SCRATCH/RELEASE/asm/auto/missing'\'' automake-1.16'
AWK='awk'
CC='/opt/local/libexec/llvm-15/bin/clang'
CCDEPMODE='depmode=gcc3'
CFLAGS='-I/Users/alex/tech/root/include/openssl -I/usr/local/opt/llvm/include -I/Users/alex/tech/include/ -I/Users/alex/tech/root/include/openssl -I/usr/local/opt/binutils/include -I/usr/local/opt/curl/include -I/Users/alex/tech/lib -I/opt/local/include -I/usr/local/Cellar/libxlsxwriter/1.1.4/include -I/usr/local/Cellar/wxwidgets/3.2.1/include/wx-3.2 -I/opt/local -I/opt/local/include -I/opt/local'
CPPFLAGS='-I/opt/local/libexec/llvm-15/include'
CSCOPE='cscope'
CTAGS='ctags'
CYGPATH_W='echo'
DEFS='-DHAVE_CONFIG_H'
DEPDIR='.deps'
ECHO_C='\c'
ECHO_N=''
ECHO_T=''
ETAGS='etags'
EXEEXT=''
INSTALL_DATA='${INSTALL} -m 644'
INSTALL_PROGRAM='${INSTALL}'
INSTALL_SCRIPT='${INSTALL}'
INSTALL_STRIP_PROGRAM='$(install_sh) -c -s'
LDFLAGS='-L/opt/local/libexec/llvm-15/lib -L/opt/local/lib'
LIBOBJS=''
LIBS=''
LTLIBOBJS=''
MAKEINFO='${SHELL} '\''/Users/alex/dev/parcurs/SCRATCH/RELEASE/asm/auto/missing'\'' makeinfo'
MKDIR_P='./install-sh -c -d'
OBJEXT='o'
PACKAGE='full-package-name'
PACKAGE_BUGREPORT='BUG-REPORT-ADDRESS'
PACKAGE_NAME='FULL-PACKAGE-NAME'
PACKAGE_STRING='FULL-PACKAGE-NAME VERSION'
PACKAGE_TARNAME='full-package-name'
PACKAGE_URL=''
PACKAGE_VERSION='VERSION'
PATH_SEPARATOR=':'
SET_MAKE=''
SHELL='/bin/sh'
STRIP=''
VERSION='VERSION'
ac_ct_CC='/opt/local/libexec/llvm-15/bin/clang'
am__EXEEXT_FALSE=''
am__EXEEXT_TRUE='#'
am__fastdepCC_FALSE='#'
am__fastdepCC_TRUE=''
am__include='include'
am__isrc=''
am__leading_dot='.'
am__nodep='_no'
am__quote=''
am__tar='$${TAR-tar} chof - "$$tardir"'
am__untar='$${TAR-tar} xf -'
bindir='${exec_prefix}/bin'
build_alias=''
datadir='${datarootdir}'
datarootdir='${prefix}/share'
docdir='${datarootdir}/doc/${PACKAGE_TARNAME}'
dvidir='${docdir}'
exec_prefix='${prefix}'
host_alias=''
htmldir='${docdir}'
includedir='${prefix}/include'
infodir='${datarootdir}/info'
install_sh='${SHELL} /Users/alex/dev/parcurs/SCRATCH/RELEASE/asm/auto/install-sh'
libdir='${exec_prefix}/lib'
libexecdir='${exec_prefix}/libexec'
localedir='${datarootdir}/locale'
localstatedir='${prefix}/var'
mandir='${datarootdir}/man'
mkdir_p='$(MKDIR_P)'
oldincludedir='/usr/include'
pdfdir='${docdir}'
prefix='/usr/local'
program_transform_name='s,x,x,'
psdir='${docdir}'
runstatedir='${localstatedir}/run'
sbindir='${exec_prefix}/sbin'
sharedstatedir='${prefix}/com'
sysconfdir='${prefix}/etc'
target_alias=''

## ----------- ##
## confdefs.h. ##
## ----------- ##

/* confdefs.h */
#define PACKAGE_NAME "FULL-PACKAGE-NAME"
#define PACKAGE_TARNAME "full-package-name"
#define PACKAGE_VERSION "VERSION"
#define PACKAGE_STRING "FULL-PACKAGE-NAME VERSION"
#define PACKAGE_BUGREPORT "BUG-REPORT-ADDRESS"
#define PACKAGE_URL ""
#define PACKAGE "full-package-name"
#define VERSION "VERSION"

configure: exit 0
