Compiling the CXX compiler identification source file "CMakeCXXCompilerId.cpp" failed.
Compiler: /home/linuxbrew/.linuxbrew/bin/clang++ 
Build flags: 
Id flags:  

The output was:
1
/home/linuxbrew/.linuxbrew/bin/ld: cannot find -lstdc++: No such file or directory
clang-15: error: linker command failed with exit code 1 (use -v to see invocation)


Detecting CXX compiler ABI info failed to compile with the following output:
Change Dir: /home/alex/tmp/parcurs/SCRATCH/RELEASE/asm/cmake/CMakeFiles/CMakeTmp

Run Build Command(s):/usr/bin/make -f Makefile cmTC_b4f20/fast && /usr/bin/make  -f CMakeFiles/cmTC_b4f20.dir/build.make CMakeFiles/cmTC_b4f20.dir/build
make[1]: Entering directory '/home/alex/tmp/parcurs/SCRATCH/RELEASE/asm/cmake/CMakeFiles/CMakeTmp'
Building CXX object CMakeFiles/cmTC_b4f20.dir/CMakeCXXCompilerABI.cpp.o
/home/linuxbrew/.linuxbrew/bin/clang++   -v -MD -MT CMakeFiles/cmTC_b4f20.dir/CMakeCXXCompilerABI.cpp.o -MF CMakeFiles/cmTC_b4f20.dir/CMakeCXXCompilerABI.cpp.o.d -o CMakeFiles/cmTC_b4f20.dir/CMakeCXXCompilerABI.cpp.o -c /home/linuxbrew/.linuxbrew/Cellar/cmake/3.24.2/share/cmake/Modules/CMakeCXXCompilerABI.cpp
Homebrew clang version 15.0.3
Target: x86_64-unknown-linux-gnu
Thread model: posix
InstalledDir: /home/linuxbrew/.linuxbrew/bin
Found candidate GCC installation: /usr/lib/gcc/x86_64-linux-gnu/5
Found candidate GCC installation: /usr/lib/gcc/x86_64-linux-gnu/5.5.0
Found candidate GCC installation: /usr/lib/gcc/x86_64-linux-gnu/6
Found candidate GCC installation: /usr/lib/gcc/x86_64-linux-gnu/6.5.0
Found candidate GCC installation: /usr/lib/gcc/x86_64-linux-gnu/7
Found candidate GCC installation: /usr/lib/gcc/x86_64-linux-gnu/7.5.0
Found candidate GCC installation: /usr/lib/gcc/x86_64-linux-gnu/9
Selected GCC installation: /usr/lib/gcc/x86_64-linux-gnu/9
Candidate multilib: .;@m64
Selected multilib: .;@m64
 (in-process)
 "/home/linuxbrew/.linuxbrew/Cellar/llvm/15.0.3/bin/clang-15" -cc1 -triple x86_64-unknown-linux-gnu -emit-obj -mrelax-all --mrelax-relocations -disable-free -clear-ast-before-backend -disable-llvm-verifier -discard-value-names -main-file-name CMakeCXXCompilerABI.cpp -mrelocation-model pic -pic-level 2 -pic-is-pie -mframe-pointer=all -fmath-errno -ffp-contract=on -fno-rounding-math -mconstructor-aliases -funwind-tables=2 -target-cpu x86-64 -tune-cpu generic -mllvm -treat-scalable-fixed-error-as-warning -debugger-tuning=gdb -v -fcoverage-compilation-dir=/home/alex/tmp/parcurs/SCRATCH/RELEASE/asm/cmake/CMakeFiles/CMakeTmp -resource-dir /home/linuxbrew/.linuxbrew/Cellar/llvm/15.0.3/lib/clang/15.0.3 -dependency-file CMakeFiles/cmTC_b4f20.dir/CMakeCXXCompilerABI.cpp.o.d -MT CMakeFiles/cmTC_b4f20.dir/CMakeCXXCompilerABI.cpp.o -sys-header-deps -I/home/linuxbrew/.linuxbrew/include -I/home/linuxbrew/.linuxbrew/Cellar/openssl@1.1/1.1.1k/include -I/home/linuxbrew/.linuxbrew/Cellar/json-c/0.15/include -c-isystem /home/linuxbrew/.linuxbrew/include -c-isystem /usr/include -cxx-isystem /home/linuxbrew/.linuxbrew/include -internal-isystem /usr/lib/gcc/x86_64-linux-gnu/9/../../../../include/c++ -internal-isystem /usr/lib/gcc/x86_64-linux-gnu/9/../../../../include/c++/x86_64-linux-gnu -internal-isystem /usr/lib/gcc/x86_64-linux-gnu/9/../../../../include/c++/backward -internal-isystem /home/linuxbrew/.linuxbrew/Cellar/llvm/15.0.3/lib/clang/15.0.3/include -internal-isystem /usr/local/include -internal-isystem /usr/lib/gcc/x86_64-linux-gnu/9/../../../../x86_64-linux-gnu/include -internal-externc-isystem /usr/include/x86_64-linux-gnu -internal-externc-isystem /include -internal-externc-isystem /usr/include -fdeprecated-macro -fdebug-compilation-dir=/home/alex/tmp/parcurs/SCRATCH/RELEASE/asm/cmake/CMakeFiles/CMakeTmp -ferror-limit 19 -fgnuc-version=4.2.1 -fcxx-exceptions -fexceptions -faddrsig -D__GCC_HAVE_DWARF2_CFI_ASM=1 -o CMakeFiles/cmTC_b4f20.dir/CMakeCXXCompilerABI.cpp.o -x c++ /home/linuxbrew/.linuxbrew/Cellar/cmake/3.24.2/share/cmake/Modules/CMakeCXXCompilerABI.cpp
clang -cc1 version 15.0.3 based upon LLVM 15.0.3 default target x86_64-unknown-linux-gnu
ignoring nonexistent directory "/home/linuxbrew/.linuxbrew/Cellar/openssl@1.1/1.1.1k/include"
ignoring nonexistent directory "/home/linuxbrew/.linuxbrew/Cellar/json-c/0.15/include"
ignoring nonexistent directory "/usr/lib/gcc/x86_64-linux-gnu/9/../../../../include/c++/x86_64-linux-gnu"
ignoring nonexistent directory "/usr/lib/gcc/x86_64-linux-gnu/9/../../../../include/c++/backward"
ignoring nonexistent directory "/usr/lib/gcc/x86_64-linux-gnu/9/../../../../x86_64-linux-gnu/include"
ignoring nonexistent directory "/include"
ignoring duplicate directory "/home/linuxbrew/.linuxbrew/include"
  as it is a non-system directory that duplicates a system directory
#include "..." search starts here:
#include <...> search starts here:
 /home/linuxbrew/.linuxbrew/include
 /usr/lib/gcc/x86_64-linux-gnu/9/../../../../include/c++
 /home/linuxbrew/.linuxbrew/Cellar/llvm/15.0.3/lib/clang/15.0.3/include
 /usr/local/include
 /usr/include/x86_64-linux-gnu
 /usr/include
End of search list.
Linking CXX executable cmTC_b4f20
/home/linuxbrew/.linuxbrew/Cellar/cmake/3.24.2/bin/cmake -E cmake_link_script CMakeFiles/cmTC_b4f20.dir/link.txt --verbose=1
/home/linuxbrew/.linuxbrew/bin/clang++ -L/home/linuxbrew/.linuxbrew/opt/llvm@15/lib -Wl,-rpath,/home/linuxbrew/.linuxbrew/opt/llvm@15/lib -v -rdynamic CMakeFiles/cmTC_b4f20.dir/CMakeCXXCompilerABI.cpp.o -o cmTC_b4f20 
Homebrew clang version 15.0.3
Target: x86_64-unknown-linux-gnu
Thread model: posix
InstalledDir: /home/linuxbrew/.linuxbrew/bin
Found candidate GCC installation: /usr/lib/gcc/x86_64-linux-gnu/5
Found candidate GCC installation: /usr/lib/gcc/x86_64-linux-gnu/5.5.0
Found candidate GCC installation: /usr/lib/gcc/x86_64-linux-gnu/6
Found candidate GCC installation: /usr/lib/gcc/x86_64-linux-gnu/6.5.0
Found candidate GCC installation: /usr/lib/gcc/x86_64-linux-gnu/7
Found candidate GCC installation: /usr/lib/gcc/x86_64-linux-gnu/7.5.0
Found candidate GCC installation: /usr/lib/gcc/x86_64-linux-gnu/9
Selected GCC installation: /usr/lib/gcc/x86_64-linux-gnu/9
Candidate multilib: .;@m64
Selected multilib: .;@m64
 "/home/linuxbrew/.linuxbrew/bin/ld" -pie -export-dynamic -z relro --hash-style=gnu --eh-frame-hdr -m elf_x86_64 -export-dynamic -dynamic-linker /lib64/ld-linux-x86-64.so.2 -o cmTC_b4f20 /usr/lib/x86_64-linux-gnu/Scrt1.o /usr/lib/x86_64-linux-gnu/crti.o /usr/lib/gcc/x86_64-linux-gnu/9/crtbeginS.o -L/home/linuxbrew/.linuxbrew/opt/llvm@15/lib -L/usr/lib/gcc/x86_64-linux-gnu/9 -L/lib/x86_64-linux-gnu -L/lib/../lib64 -L/usr/lib/x86_64-linux-gnu -L/home/linuxbrew/.linuxbrew/Cellar/llvm/15.0.3/bin/../lib -L/lib -L/usr/lib -L/home/linuxbrew/.linuxbrew/lib -L/usr/local/lib64 -rpath /home/linuxbrew/.linuxbrew/opt/llvm@15/lib CMakeFiles/cmTC_b4f20.dir/CMakeCXXCompilerABI.cpp.o -lstdc++ -lm -lgcc_s -lgcc -lc -lgcc_s -lgcc /usr/lib/gcc/x86_64-linux-gnu/9/crtendS.o /usr/lib/x86_64-linux-gnu/crtn.o
/home/linuxbrew/.linuxbrew/bin/ld: cannot find -lstdc++: No such file or directory
clang-15: error: linker command failed with exit code 1 (use -v to see invocation)
CMakeFiles/cmTC_b4f20.dir/build.make:99: recipe for target 'cmTC_b4f20' failed
make[1]: *** [cmTC_b4f20] Error 1
make[1]: Leaving directory '/home/alex/tmp/parcurs/SCRATCH/RELEASE/asm/cmake/CMakeFiles/CMakeTmp'
Makefile:127: recipe for target 'cmTC_b4f20/fast' failed
make: *** [cmTC_b4f20/fast] Error 2




Determining if the CXX compiler works failed with the following output:
Change Dir: /home/alex/tmp/parcurs/SCRATCH/RELEASE/asm/cmake/CMakeFiles/CMakeTmp

Run Build Command(s):/usr/bin/make -f Makefile cmTC_dfb19/fast && /usr/bin/make  -f CMakeFiles/cmTC_dfb19.dir/build.make CMakeFiles/cmTC_dfb19.dir/build
make[1]: Entering directory '/home/alex/tmp/parcurs/SCRATCH/RELEASE/asm/cmake/CMakeFiles/CMakeTmp'
Building CXX object CMakeFiles/cmTC_dfb19.dir/testCXXCompiler.cxx.o
/home/linuxbrew/.linuxbrew/bin/clang++    -MD -MT CMakeFiles/cmTC_dfb19.dir/testCXXCompiler.cxx.o -MF CMakeFiles/cmTC_dfb19.dir/testCXXCompiler.cxx.o.d -o CMakeFiles/cmTC_dfb19.dir/testCXXCompiler.cxx.o -c /home/alex/tmp/parcurs/SCRATCH/RELEASE/asm/cmake/CMakeFiles/CMakeTmp/testCXXCompiler.cxx
Linking CXX executable cmTC_dfb19
/home/linuxbrew/.linuxbrew/Cellar/cmake/3.24.2/bin/cmake -E cmake_link_script CMakeFiles/cmTC_dfb19.dir/link.txt --verbose=1
/home/linuxbrew/.linuxbrew/bin/clang++ -L/home/linuxbrew/.linuxbrew/opt/llvm@15/lib -Wl,-rpath,/home/linuxbrew/.linuxbrew/opt/llvm@15/lib  -rdynamic CMakeFiles/cmTC_dfb19.dir/testCXXCompiler.cxx.o -o cmTC_dfb19 
/home/linuxbrew/.linuxbrew/bin/ld: cannot find -lstdc++: No such file or directory
clang-15: error: linker command failed with exit code 1 (use -v to see invocation)
CMakeFiles/cmTC_dfb19.dir/build.make:99: recipe for target 'cmTC_dfb19' failed
make[1]: *** [cmTC_dfb19] Error 1
make[1]: Leaving directory '/home/alex/tmp/parcurs/SCRATCH/RELEASE/asm/cmake/CMakeFiles/CMakeTmp'
Makefile:127: recipe for target 'cmTC_dfb19/fast' failed
make: *** [cmTC_dfb19/fast] Error 2



Compiling the CXX compiler identification source file "CMakeCXXCompilerId.cpp" failed.
Compiler: /home/linuxbrew/.linuxbrew/bin/clang++ 
Build flags: 
Id flags:  

The output was:
1
/home/linuxbrew/.linuxbrew/bin/ld: cannot find -lstdc++: No such file or directory
clang-15: error: linker command failed with exit code 1 (use -v to see invocation)


Detecting CXX compiler ABI info failed to compile with the following output:
Change Dir: /home/alex/tmp/parcurs/SCRATCH/RELEASE/asm/cmake/CMakeFiles/CMakeTmp

Run Build Command(s):/usr/bin/make -f Makefile cmTC_5db8a/fast && /usr/bin/make  -f CMakeFiles/cmTC_5db8a.dir/build.make CMakeFiles/cmTC_5db8a.dir/build
make[1]: Entering directory '/home/alex/tmp/parcurs/SCRATCH/RELEASE/asm/cmake/CMakeFiles/CMakeTmp'
Building CXX object CMakeFiles/cmTC_5db8a.dir/CMakeCXXCompilerABI.cpp.o
/home/linuxbrew/.linuxbrew/bin/clang++   -v -MD -MT CMakeFiles/cmTC_5db8a.dir/CMakeCXXCompilerABI.cpp.o -MF CMakeFiles/cmTC_5db8a.dir/CMakeCXXCompilerABI.cpp.o.d -o CMakeFiles/cmTC_5db8a.dir/CMakeCXXCompilerABI.cpp.o -c /home/linuxbrew/.linuxbrew/Cellar/cmake/3.24.2/share/cmake/Modules/CMakeCXXCompilerABI.cpp
Homebrew clang version 15.0.3
Target: x86_64-unknown-linux-gnu
Thread model: posix
InstalledDir: /home/linuxbrew/.linuxbrew/bin
Found candidate GCC installation: /usr/lib/gcc/x86_64-linux-gnu/5
Found candidate GCC installation: /usr/lib/gcc/x86_64-linux-gnu/5.5.0
Found candidate GCC installation: /usr/lib/gcc/x86_64-linux-gnu/6
Found candidate GCC installation: /usr/lib/gcc/x86_64-linux-gnu/6.5.0
Found candidate GCC installation: /usr/lib/gcc/x86_64-linux-gnu/7
Found candidate GCC installation: /usr/lib/gcc/x86_64-linux-gnu/7.5.0
Found candidate GCC installation: /usr/lib/gcc/x86_64-linux-gnu/9
Selected GCC installation: /usr/lib/gcc/x86_64-linux-gnu/9
Candidate multilib: .;@m64
Selected multilib: .;@m64
 (in-process)
 "/home/linuxbrew/.linuxbrew/Cellar/llvm/15.0.3/bin/clang-15" -cc1 -triple x86_64-unknown-linux-gnu -emit-obj -mrelax-all --mrelax-relocations -disable-free -clear-ast-before-backend -disable-llvm-verifier -discard-value-names -main-file-name CMakeCXXCompilerABI.cpp -mrelocation-model pic -pic-level 2 -pic-is-pie -mframe-pointer=all -fmath-errno -ffp-contract=on -fno-rounding-math -mconstructor-aliases -funwind-tables=2 -target-cpu x86-64 -tune-cpu generic -mllvm -treat-scalable-fixed-error-as-warning -debugger-tuning=gdb -v -fcoverage-compilation-dir=/home/alex/tmp/parcurs/SCRATCH/RELEASE/asm/cmake/CMakeFiles/CMakeTmp -resource-dir /home/linuxbrew/.linuxbrew/Cellar/llvm/15.0.3/lib/clang/15.0.3 -dependency-file CMakeFiles/cmTC_5db8a.dir/CMakeCXXCompilerABI.cpp.o.d -MT CMakeFiles/cmTC_5db8a.dir/CMakeCXXCompilerABI.cpp.o -sys-header-deps -I/home/linuxbrew/.linuxbrew/include -I/home/linuxbrew/.linuxbrew/Cellar/openssl@1.1/1.1.1k/include -I/home/linuxbrew/.linuxbrew/Cellar/json-c/0.15/include -c-isystem /home/linuxbrew/.linuxbrew/include -c-isystem /usr/include -cxx-isystem /home/linuxbrew/.linuxbrew/include -internal-isystem /usr/lib/gcc/x86_64-linux-gnu/9/../../../../include/c++ -internal-isystem /usr/lib/gcc/x86_64-linux-gnu/9/../../../../include/c++/x86_64-linux-gnu -internal-isystem /usr/lib/gcc/x86_64-linux-gnu/9/../../../../include/c++/backward -internal-isystem /home/linuxbrew/.linuxbrew/Cellar/llvm/15.0.3/lib/clang/15.0.3/include -internal-isystem /usr/local/include -internal-isystem /usr/lib/gcc/x86_64-linux-gnu/9/../../../../x86_64-linux-gnu/include -internal-externc-isystem /usr/include/x86_64-linux-gnu -internal-externc-isystem /include -internal-externc-isystem /usr/include -fdeprecated-macro -fdebug-compilation-dir=/home/alex/tmp/parcurs/SCRATCH/RELEASE/asm/cmake/CMakeFiles/CMakeTmp -ferror-limit 19 -fgnuc-version=4.2.1 -fcxx-exceptions -fexceptions -faddrsig -D__GCC_HAVE_DWARF2_CFI_ASM=1 -o CMakeFiles/cmTC_5db8a.dir/CMakeCXXCompilerABI.cpp.o -x c++ /home/linuxbrew/.linuxbrew/Cellar/cmake/3.24.2/share/cmake/Modules/CMakeCXXCompilerABI.cpp
clang -cc1 version 15.0.3 based upon LLVM 15.0.3 default target x86_64-unknown-linux-gnu
ignoring nonexistent directory "/home/linuxbrew/.linuxbrew/Cellar/openssl@1.1/1.1.1k/include"
ignoring nonexistent directory "/home/linuxbrew/.linuxbrew/Cellar/json-c/0.15/include"
ignoring nonexistent directory "/usr/lib/gcc/x86_64-linux-gnu/9/../../../../include/c++/x86_64-linux-gnu"
ignoring nonexistent directory "/usr/lib/gcc/x86_64-linux-gnu/9/../../../../include/c++/backward"
ignoring nonexistent directory "/usr/lib/gcc/x86_64-linux-gnu/9/../../../../x86_64-linux-gnu/include"
ignoring nonexistent directory "/include"
ignoring duplicate directory "/home/linuxbrew/.linuxbrew/include"
  as it is a non-system directory that duplicates a system directory
#include "..." search starts here:
#include <...> search starts here:
 /home/linuxbrew/.linuxbrew/include
 /usr/lib/gcc/x86_64-linux-gnu/9/../../../../include/c++
 /home/linuxbrew/.linuxbrew/Cellar/llvm/15.0.3/lib/clang/15.0.3/include
 /usr/local/include
 /usr/include/x86_64-linux-gnu
 /usr/include
End of search list.
Linking CXX executable cmTC_5db8a
/home/linuxbrew/.linuxbrew/Cellar/cmake/3.24.2/bin/cmake -E cmake_link_script CMakeFiles/cmTC_5db8a.dir/link.txt --verbose=1
/home/linuxbrew/.linuxbrew/bin/clang++ -L/home/linuxbrew/.linuxbrew/opt/llvm@15/lib -Wl,-rpath,/home/linuxbrew/.linuxbrew/opt/llvm@15/lib -v -rdynamic CMakeFiles/cmTC_5db8a.dir/CMakeCXXCompilerABI.cpp.o -o cmTC_5db8a 
Homebrew clang version 15.0.3
Target: x86_64-unknown-linux-gnu
Thread model: posix
InstalledDir: /home/linuxbrew/.linuxbrew/bin
Found candidate GCC installation: /usr/lib/gcc/x86_64-linux-gnu/5
Found candidate GCC installation: /usr/lib/gcc/x86_64-linux-gnu/5.5.0
Found candidate GCC installation: /usr/lib/gcc/x86_64-linux-gnu/6
Found candidate GCC installation: /usr/lib/gcc/x86_64-linux-gnu/6.5.0
Found candidate GCC installation: /usr/lib/gcc/x86_64-linux-gnu/7
Found candidate GCC installation: /usr/lib/gcc/x86_64-linux-gnu/7.5.0
Found candidate GCC installation: /usr/lib/gcc/x86_64-linux-gnu/9
Selected GCC installation: /usr/lib/gcc/x86_64-linux-gnu/9
Candidate multilib: .;@m64
Selected multilib: .;@m64
 "/home/linuxbrew/.linuxbrew/bin/ld" -pie -export-dynamic -z relro --hash-style=gnu --eh-frame-hdr -m elf_x86_64 -export-dynamic -dynamic-linker /lib64/ld-linux-x86-64.so.2 -o cmTC_5db8a /usr/lib/x86_64-linux-gnu/Scrt1.o /usr/lib/x86_64-linux-gnu/crti.o /usr/lib/gcc/x86_64-linux-gnu/9/crtbeginS.o -L/home/linuxbrew/.linuxbrew/opt/llvm@15/lib -L/usr/lib/gcc/x86_64-linux-gnu/9 -L/lib/x86_64-linux-gnu -L/lib/../lib64 -L/usr/lib/x86_64-linux-gnu -L/home/linuxbrew/.linuxbrew/Cellar/llvm/15.0.3/bin/../lib -L/lib -L/usr/lib -L/home/linuxbrew/.linuxbrew/lib -L/usr/local/lib64 -rpath /home/linuxbrew/.linuxbrew/opt/llvm@15/lib CMakeFiles/cmTC_5db8a.dir/CMakeCXXCompilerABI.cpp.o -lstdc++ -lm -lgcc_s -lgcc -lc -lgcc_s -lgcc /usr/lib/gcc/x86_64-linux-gnu/9/crtendS.o /usr/lib/x86_64-linux-gnu/crtn.o
/home/linuxbrew/.linuxbrew/bin/ld: cannot find -lstdc++: No such file or directory
clang-15: error: linker command failed with exit code 1 (use -v to see invocation)
CMakeFiles/cmTC_5db8a.dir/build.make:99: recipe for target 'cmTC_5db8a' failed
make[1]: *** [cmTC_5db8a] Error 1
make[1]: Leaving directory '/home/alex/tmp/parcurs/SCRATCH/RELEASE/asm/cmake/CMakeFiles/CMakeTmp'
Makefile:127: recipe for target 'cmTC_5db8a/fast' failed
make: *** [cmTC_5db8a/fast] Error 2




Determining if the CXX compiler works failed with the following output:
Change Dir: /home/alex/tmp/parcurs/SCRATCH/RELEASE/asm/cmake/CMakeFiles/CMakeTmp

Run Build Command(s):/usr/bin/make -f Makefile cmTC_a8cba/fast && /usr/bin/make  -f CMakeFiles/cmTC_a8cba.dir/build.make CMakeFiles/cmTC_a8cba.dir/build
make[1]: Entering directory '/home/alex/tmp/parcurs/SCRATCH/RELEASE/asm/cmake/CMakeFiles/CMakeTmp'
Building CXX object CMakeFiles/cmTC_a8cba.dir/testCXXCompiler.cxx.o
/home/linuxbrew/.linuxbrew/bin/clang++    -MD -MT CMakeFiles/cmTC_a8cba.dir/testCXXCompiler.cxx.o -MF CMakeFiles/cmTC_a8cba.dir/testCXXCompiler.cxx.o.d -o CMakeFiles/cmTC_a8cba.dir/testCXXCompiler.cxx.o -c /home/alex/tmp/parcurs/SCRATCH/RELEASE/asm/cmake/CMakeFiles/CMakeTmp/testCXXCompiler.cxx
Linking CXX executable cmTC_a8cba
/home/linuxbrew/.linuxbrew/Cellar/cmake/3.24.2/bin/cmake -E cmake_link_script CMakeFiles/cmTC_a8cba.dir/link.txt --verbose=1
/home/linuxbrew/.linuxbrew/bin/clang++ -L/home/linuxbrew/.linuxbrew/opt/llvm@15/lib -Wl,-rpath,/home/linuxbrew/.linuxbrew/opt/llvm@15/lib  -rdynamic CMakeFiles/cmTC_a8cba.dir/testCXXCompiler.cxx.o -o cmTC_a8cba 
/home/linuxbrew/.linuxbrew/bin/ld: cannot find -lstdc++: No such file or directory
clang-15: error: linker command failed with exit code 1 (use -v to see invocation)
CMakeFiles/cmTC_a8cba.dir/build.make:99: recipe for target 'cmTC_a8cba' failed
make[1]: *** [cmTC_a8cba] Error 1
make[1]: Leaving directory '/home/alex/tmp/parcurs/SCRATCH/RELEASE/asm/cmake/CMakeFiles/CMakeTmp'
Makefile:127: recipe for target 'cmTC_a8cba/fast' failed
make: *** [cmTC_a8cba/fast] Error 2



Compiling the CXX compiler identification source file "CMakeCXXCompilerId.cpp" failed.
Compiler: /home/linuxbrew/.linuxbrew/bin/clang++ 
Build flags: 
Id flags:  

The output was:
1
/home/linuxbrew/.linuxbrew/bin/ld: cannot find -lstdc++: No such file or directory
clang-15: error: linker command failed with exit code 1 (use -v to see invocation)


Detecting CXX compiler ABI info failed to compile with the following output:
Change Dir: /home/alex/tmp/parcurs/SCRATCH/RELEASE/asm/cmake/CMakeFiles/CMakeTmp

Run Build Command(s):/usr/bin/make -f Makefile cmTC_4ea8e/fast && /usr/bin/make  -f CMakeFiles/cmTC_4ea8e.dir/build.make CMakeFiles/cmTC_4ea8e.dir/build
make[1]: Entering directory '/home/alex/tmp/parcurs/SCRATCH/RELEASE/asm/cmake/CMakeFiles/CMakeTmp'
Building CXX object CMakeFiles/cmTC_4ea8e.dir/CMakeCXXCompilerABI.cpp.o
/home/linuxbrew/.linuxbrew/bin/clang++   -v -MD -MT CMakeFiles/cmTC_4ea8e.dir/CMakeCXXCompilerABI.cpp.o -MF CMakeFiles/cmTC_4ea8e.dir/CMakeCXXCompilerABI.cpp.o.d -o CMakeFiles/cmTC_4ea8e.dir/CMakeCXXCompilerABI.cpp.o -c /home/linuxbrew/.linuxbrew/Cellar/cmake/3.24.2/share/cmake/Modules/CMakeCXXCompilerABI.cpp
Homebrew clang version 15.0.3
Target: x86_64-unknown-linux-gnu
Thread model: posix
InstalledDir: /home/linuxbrew/.linuxbrew/bin
Found candidate GCC installation: /usr/lib/gcc/x86_64-linux-gnu/5
Found candidate GCC installation: /usr/lib/gcc/x86_64-linux-gnu/5.5.0
Found candidate GCC installation: /usr/lib/gcc/x86_64-linux-gnu/6
Found candidate GCC installation: /usr/lib/gcc/x86_64-linux-gnu/6.5.0
Found candidate GCC installation: /usr/lib/gcc/x86_64-linux-gnu/7
Found candidate GCC installation: /usr/lib/gcc/x86_64-linux-gnu/7.5.0
Found candidate GCC installation: /usr/lib/gcc/x86_64-linux-gnu/9
Selected GCC installation: /usr/lib/gcc/x86_64-linux-gnu/9
Candidate multilib: .;@m64
Selected multilib: .;@m64
 (in-process)
 "/home/linuxbrew/.linuxbrew/Cellar/llvm/15.0.3/bin/clang-15" -cc1 -triple x86_64-unknown-linux-gnu -emit-obj -mrelax-all --mrelax-relocations -disable-free -clear-ast-before-backend -disable-llvm-verifier -discard-value-names -main-file-name CMakeCXXCompilerABI.cpp -mrelocation-model pic -pic-level 2 -pic-is-pie -mframe-pointer=all -fmath-errno -ffp-contract=on -fno-rounding-math -mconstructor-aliases -funwind-tables=2 -target-cpu x86-64 -tune-cpu generic -mllvm -treat-scalable-fixed-error-as-warning -debugger-tuning=gdb -v -fcoverage-compilation-dir=/home/alex/tmp/parcurs/SCRATCH/RELEASE/asm/cmake/CMakeFiles/CMakeTmp -resource-dir /home/linuxbrew/.linuxbrew/Cellar/llvm/15.0.3/lib/clang/15.0.3 -dependency-file CMakeFiles/cmTC_4ea8e.dir/CMakeCXXCompilerABI.cpp.o.d -MT CMakeFiles/cmTC_4ea8e.dir/CMakeCXXCompilerABI.cpp.o -sys-header-deps -I/home/linuxbrew/.linuxbrew/include -I/home/linuxbrew/.linuxbrew/Cellar/openssl@1.1/1.1.1k/include -I/home/linuxbrew/.linuxbrew/Cellar/json-c/0.15/include -c-isystem /home/linuxbrew/.linuxbrew/include -c-isystem /usr/include -cxx-isystem /home/linuxbrew/.linuxbrew/include -internal-isystem /usr/lib/gcc/x86_64-linux-gnu/9/../../../../include/c++ -internal-isystem /usr/lib/gcc/x86_64-linux-gnu/9/../../../../include/c++/x86_64-linux-gnu -internal-isystem /usr/lib/gcc/x86_64-linux-gnu/9/../../../../include/c++/backward -internal-isystem /home/linuxbrew/.linuxbrew/Cellar/llvm/15.0.3/lib/clang/15.0.3/include -internal-isystem /usr/local/include -internal-isystem /usr/lib/gcc/x86_64-linux-gnu/9/../../../../x86_64-linux-gnu/include -internal-externc-isystem /usr/include/x86_64-linux-gnu -internal-externc-isystem /include -internal-externc-isystem /usr/include -fdeprecated-macro -fdebug-compilation-dir=/home/alex/tmp/parcurs/SCRATCH/RELEASE/asm/cmake/CMakeFiles/CMakeTmp -ferror-limit 19 -fgnuc-version=4.2.1 -fcxx-exceptions -fexceptions -faddrsig -D__GCC_HAVE_DWARF2_CFI_ASM=1 -o CMakeFiles/cmTC_4ea8e.dir/CMakeCXXCompilerABI.cpp.o -x c++ /home/linuxbrew/.linuxbrew/Cellar/cmake/3.24.2/share/cmake/Modules/CMakeCXXCompilerABI.cpp
clang -cc1 version 15.0.3 based upon LLVM 15.0.3 default target x86_64-unknown-linux-gnu
ignoring nonexistent directory "/home/linuxbrew/.linuxbrew/Cellar/openssl@1.1/1.1.1k/include"
ignoring nonexistent directory "/home/linuxbrew/.linuxbrew/Cellar/json-c/0.15/include"
ignoring nonexistent directory "/usr/lib/gcc/x86_64-linux-gnu/9/../../../../include/c++/x86_64-linux-gnu"
ignoring nonexistent directory "/usr/lib/gcc/x86_64-linux-gnu/9/../../../../include/c++/backward"
ignoring nonexistent directory "/usr/lib/gcc/x86_64-linux-gnu/9/../../../../x86_64-linux-gnu/include"
ignoring nonexistent directory "/include"
ignoring duplicate directory "/home/linuxbrew/.linuxbrew/include"
  as it is a non-system directory that duplicates a system directory
#include "..." search starts here:
#include <...> search starts here:
 /home/linuxbrew/.linuxbrew/include
 /usr/lib/gcc/x86_64-linux-gnu/9/../../../../include/c++
 /home/linuxbrew/.linuxbrew/Cellar/llvm/15.0.3/lib/clang/15.0.3/include
 /usr/local/include
 /usr/include/x86_64-linux-gnu
 /usr/include
End of search list.
Linking CXX executable cmTC_4ea8e
/home/linuxbrew/.linuxbrew/Cellar/cmake/3.24.2/bin/cmake -E cmake_link_script CMakeFiles/cmTC_4ea8e.dir/link.txt --verbose=1
/home/linuxbrew/.linuxbrew/bin/clang++ -L/home/linuxbrew/.linuxbrew/opt/llvm@15/lib -Wl,-rpath,/home/linuxbrew/.linuxbrew/opt/llvm@15/lib -v -rdynamic CMakeFiles/cmTC_4ea8e.dir/CMakeCXXCompilerABI.cpp.o -o cmTC_4ea8e 
Homebrew clang version 15.0.3
Target: x86_64-unknown-linux-gnu
Thread model: posix
InstalledDir: /home/linuxbrew/.linuxbrew/bin
Found candidate GCC installation: /usr/lib/gcc/x86_64-linux-gnu/5
Found candidate GCC installation: /usr/lib/gcc/x86_64-linux-gnu/5.5.0
Found candidate GCC installation: /usr/lib/gcc/x86_64-linux-gnu/6
Found candidate GCC installation: /usr/lib/gcc/x86_64-linux-gnu/6.5.0
Found candidate GCC installation: /usr/lib/gcc/x86_64-linux-gnu/7
Found candidate GCC installation: /usr/lib/gcc/x86_64-linux-gnu/7.5.0
Found candidate GCC installation: /usr/lib/gcc/x86_64-linux-gnu/9
Selected GCC installation: /usr/lib/gcc/x86_64-linux-gnu/9
Candidate multilib: .;@m64
Selected multilib: .;@m64
 "/home/linuxbrew/.linuxbrew/bin/ld" -pie -export-dynamic -z relro --hash-style=gnu --eh-frame-hdr -m elf_x86_64 -export-dynamic -dynamic-linker /lib64/ld-linux-x86-64.so.2 -o cmTC_4ea8e /usr/lib/x86_64-linux-gnu/Scrt1.o /usr/lib/x86_64-linux-gnu/crti.o /usr/lib/gcc/x86_64-linux-gnu/9/crtbeginS.o -L/home/linuxbrew/.linuxbrew/opt/llvm@15/lib -L/usr/lib/gcc/x86_64-linux-gnu/9 -L/lib/x86_64-linux-gnu -L/lib/../lib64 -L/usr/lib/x86_64-linux-gnu -L/home/linuxbrew/.linuxbrew/Cellar/llvm/15.0.3/bin/../lib -L/lib -L/usr/lib -L/home/linuxbrew/.linuxbrew/lib -L/usr/local/lib64 -rpath /home/linuxbrew/.linuxbrew/opt/llvm@15/lib CMakeFiles/cmTC_4ea8e.dir/CMakeCXXCompilerABI.cpp.o -lstdc++ -lm -lgcc_s -lgcc -lc -lgcc_s -lgcc /usr/lib/gcc/x86_64-linux-gnu/9/crtendS.o /usr/lib/x86_64-linux-gnu/crtn.o
/home/linuxbrew/.linuxbrew/bin/ld: cannot find -lstdc++: No such file or directory
clang-15: error: linker command failed with exit code 1 (use -v to see invocation)
CMakeFiles/cmTC_4ea8e.dir/build.make:99: recipe for target 'cmTC_4ea8e' failed
make[1]: *** [cmTC_4ea8e] Error 1
make[1]: Leaving directory '/home/alex/tmp/parcurs/SCRATCH/RELEASE/asm/cmake/CMakeFiles/CMakeTmp'
Makefile:127: recipe for target 'cmTC_4ea8e/fast' failed
make: *** [cmTC_4ea8e/fast] Error 2




Determining if the CXX compiler works failed with the following output:
Change Dir: /home/alex/tmp/parcurs/SCRATCH/RELEASE/asm/cmake/CMakeFiles/CMakeTmp

Run Build Command(s):/usr/bin/make -f Makefile cmTC_cc6a6/fast && /usr/bin/make  -f CMakeFiles/cmTC_cc6a6.dir/build.make CMakeFiles/cmTC_cc6a6.dir/build
make[1]: Entering directory '/home/alex/tmp/parcurs/SCRATCH/RELEASE/asm/cmake/CMakeFiles/CMakeTmp'
Building CXX object CMakeFiles/cmTC_cc6a6.dir/testCXXCompiler.cxx.o
/home/linuxbrew/.linuxbrew/bin/clang++    -MD -MT CMakeFiles/cmTC_cc6a6.dir/testCXXCompiler.cxx.o -MF CMakeFiles/cmTC_cc6a6.dir/testCXXCompiler.cxx.o.d -o CMakeFiles/cmTC_cc6a6.dir/testCXXCompiler.cxx.o -c /home/alex/tmp/parcurs/SCRATCH/RELEASE/asm/cmake/CMakeFiles/CMakeTmp/testCXXCompiler.cxx
Linking CXX executable cmTC_cc6a6
/home/linuxbrew/.linuxbrew/Cellar/cmake/3.24.2/bin/cmake -E cmake_link_script CMakeFiles/cmTC_cc6a6.dir/link.txt --verbose=1
/home/linuxbrew/.linuxbrew/bin/clang++ -L/home/linuxbrew/.linuxbrew/opt/llvm@15/lib -Wl,-rpath,/home/linuxbrew/.linuxbrew/opt/llvm@15/lib  -rdynamic CMakeFiles/cmTC_cc6a6.dir/testCXXCompiler.cxx.o -o cmTC_cc6a6 
/home/linuxbrew/.linuxbrew/bin/ld: cannot find -lstdc++: No such file or directory
clang-15: error: linker command failed with exit code 1 (use -v to see invocation)
CMakeFiles/cmTC_cc6a6.dir/build.make:99: recipe for target 'cmTC_cc6a6' failed
make[1]: *** [cmTC_cc6a6] Error 1
make[1]: Leaving directory '/home/alex/tmp/parcurs/SCRATCH/RELEASE/asm/cmake/CMakeFiles/CMakeTmp'
Makefile:127: recipe for target 'cmTC_cc6a6/fast' failed
make: *** [cmTC_cc6a6/fast] Error 2



